TN:
SF:src/App.js
FN:30,(anonymous_0)
FN:34,(anonymous_1)
FN:41,(anonymous_2)
FN:47,(anonymous_3)
FN:320,App
FNF:5
FNH:5
FNDA:39,(anonymous_0)
FNDA:23,(anonymous_1)
FNDA:23,(anonymous_2)
FNDA:23,(anonymous_3)
FNDA:33,App
DA:30,4
DA:31,39
DA:34,39
DA:35,23
DA:36,0
DA:38,23
DA:41,23
DA:42,23
DA:47,23
DA:49,23
DA:52,23
DA:53,1
DA:57,23
DA:58,22
DA:59,22
DA:60,0
DA:65,1
DA:66,1
DA:70,23
DA:321,33
LF:20
LH:18
BRDA:35,0,0,0
BRDA:35,0,1,23
BRDA:52,1,0,1
BRDA:52,1,1,22
BRDA:57,2,0,22
BRDA:57,2,1,1
BRDA:59,3,0,0
BRDA:59,3,1,0
BRDA:65,4,0,1
BRDA:65,4,1,0
BRDA:74,5,0,23
BRDA:74,5,1,0
BRDA:194,6,0,23
BRDA:194,6,1,22
BRDA:201,7,0,23
BRDA:201,7,1,0
BRDA:212,8,0,1
BRDA:212,8,1,22
BRDA:224,9,0,1
BRDA:224,9,1,22
BRDA:236,10,0,1
BRDA:236,10,1,22
BRDA:253,11,0,1
BRDA:253,11,1,22
BRDA:266,12,0,1
BRDA:266,12,1,22
BRDA:279,13,0,1
BRDA:279,13,1,22
BRDA:292,14,0,1
BRDA:292,14,1,22
BRDA:304,15,0,1
BRDA:304,15,1,22
BRF:32
BRH:26
end_of_record
TN:
SF:src/index.js
FN:7,initApp
FNF:1
FNH:0
FNDA:0,initApp
DA:8,0
DA:10,0
DA:11,0
DA:12,0
DA:14,0
DA:17,0
DA:18,0
DA:19,0
DA:25,0
DA:26,0
DA:31,0
DA:32,0
DA:34,0
LF:13
LH:0
BRDA:10,0,0,0
BRDA:10,0,1,0
BRDA:31,1,0,0
BRDA:31,1,1,0
BRF:4
BRH:0
end_of_record
TN:
SF:src/test-utils.js
FN:8,(anonymous_0)
FN:29,(anonymous_1)
FNF:2
FNH:0
FNDA:0,(anonymous_0)
FNDA:0,(anonymous_1)
DA:5,0
DA:8,0
DA:9,0
DA:25,0
DA:29,0
LF:5
LH:0
BRF:0
BRH:0
end_of_record
TN:
SF:src/api/invoiceApi.js
FN:16,(anonymous_0)
FN:23,(anonymous_1)
FN:30,(anonymous_2)
FN:31,(anonymous_3)
FN:50,(anonymous_4)
FN:65,(anonymous_5)
FN:80,(anonymous_6)
FN:96,(anonymous_7)
FN:111,(anonymous_8)
FN:125,(anonymous_9)
FN:140,(anonymous_10)
FN:158,(anonymous_11)
FN:175,(anonymous_12)
FN:197,(anonymous_13)
FN:217,(anonymous_14)
FN:238,(anonymous_15)
FN:254,(anonymous_16)
FN:274,(anonymous_17)
FN:292,(anonymous_18)
FN:308,(anonymous_19)
FN:318,(anonymous_20)
FNF:21
FNH:0
FNDA:0,(anonymous_0)
FNDA:0,(anonymous_1)
FNDA:0,(anonymous_2)
FNDA:0,(anonymous_3)
FNDA:0,(anonymous_4)
FNDA:0,(anonymous_5)
FNDA:0,(anonymous_6)
FNDA:0,(anonymous_7)
FNDA:0,(anonymous_8)
FNDA:0,(anonymous_9)
FNDA:0,(anonymous_10)
FNDA:0,(anonymous_11)
FNDA:0,(anonymous_12)
FNDA:0,(anonymous_13)
FNDA:0,(anonymous_14)
FNDA:0,(anonymous_15)
FNDA:0,(anonymous_16)
FNDA:0,(anonymous_17)
FNDA:0,(anonymous_18)
FNDA:0,(anonymous_19)
FNDA:0,(anonymous_20)
DA:4,0
DA:7,0
DA:15,0
DA:17,0
DA:18,0
DA:19,0
DA:21,0
DA:24,0
DA:29,0
DA:30,0
DA:32,0
DA:34,0
DA:35,0
DA:37,0
DA:44,0
DA:51,0
DA:52,0
DA:53,0
DA:55,0
DA:56,0
DA:66,0
DA:67,0
DA:68,0
DA:70,0
DA:71,0
DA:81,0
DA:82,0
DA:83,0
DA:85,0
DA:86,0
DA:97,0
DA:98,0
DA:99,0
DA:101,0
DA:102,0
DA:112,0
DA:113,0
DA:115,0
DA:116,0
DA:126,0
DA:127,0
DA:128,0
DA:130,0
DA:131,0
DA:141,0
DA:142,0
DA:145,0
DA:147,0
DA:148,0
DA:159,0
DA:160,0
DA:161,0
DA:163,0
DA:164,0
DA:176,0
DA:177,0
DA:181,0
DA:183,0
DA:184,0
DA:192,0
DA:198,0
DA:199,0
DA:200,0
DA:202,0
DA:203,0
DA:211,0
DA:218,0
DA:219,0
DA:220,0
DA:221,0
DA:223,0
DA:224,0
DA:232,0
DA:239,0
DA:240,0
DA:241,0
DA:242,0
DA:244,0
DA:245,0
DA:255,0
DA:256,0
DA:257,0
DA:259,0
DA:260,0
DA:268,0
DA:275,0
DA:276,0
DA:278,0
DA:279,0
DA:281,0
DA:282,0
DA:284,0
DA:293,0
DA:294,0
DA:295,0
DA:296,0
DA:297,0
DA:298,0
DA:299,0
DA:300,0
DA:309,0
DA:310,0
DA:319,0
DA:320,0
LF:104
LH:0
BRDA:4,0,0,0
BRDA:4,0,1,0
BRDA:18,1,0,0
BRDA:18,1,1,0
BRDA:32,2,0,0
BRDA:32,2,1,0
BRDA:50,3,0,0
BRDA:175,4,0,0
BRDA:217,5,0,0
BRDA:219,6,0,0
BRDA:219,6,1,0
BRDA:238,7,0,0
BRDA:240,8,0,0
BRDA:240,8,1,0
BRDA:275,9,0,0
BRDA:275,9,1,0
BRDA:278,10,0,0
BRDA:278,10,1,0
BRDA:281,11,0,0
BRDA:281,11,1,0
BRDA:309,12,0,0
BRDA:309,12,1,0
BRDA:319,13,0,0
BRDA:319,13,1,0
BRF:24
BRH:0
end_of_record
TN:
SF:src/components/AccessibilityEnhancer.jsx
FN:23,(anonymous_0)
FN:27,(anonymous_1)
FN:28,(anonymous_2)
FN:35,(anonymous_3)
FN:42,(anonymous_4)
FN:52,(anonymous_5)
FN:70,(anonymous_6)
FN:84,(anonymous_7)
FN:91,(anonymous_8)
FN:101,(anonymous_9)
FN:128,(anonymous_10)
FN:189,(anonymous_11)
FN:201,(anonymous_12)
FN:227,(anonymous_13)
FN:232,(anonymous_14)
FN:260,(anonymous_15)
FN:266,(anonymous_16)
FN:268,(anonymous_17)
FN:299,(anonymous_18)
FN:307,(anonymous_19)
FN:317,(anonymous_20)
FN:318,(anonymous_21)
FN:322,(anonymous_22)
FN:329,(anonymous_23)
FN:360,(anonymous_24)
FN:367,(anonymous_25)
FN:375,(anonymous_26)
FN:376,(anonymous_27)
FN:413,(anonymous_28)
FN:424,(anonymous_29)
FN:435,(anonymous_30)
FN:449,(anonymous_31)
FN:476,(anonymous_32)
FN:500,(anonymous_33)
FN:532,(anonymous_34)
FN:579,(anonymous_35)
FN:585,(anonymous_36)
FN:587,(anonymous_37)
FN:707,(anonymous_38)
FNF:39
FNH:0
FNDA:0,(anonymous_0)
FNDA:0,(anonymous_1)
FNDA:0,(anonymous_2)
FNDA:0,(anonymous_3)
FNDA:0,(anonymous_4)
FNDA:0,(anonymous_5)
FNDA:0,(anonymous_6)
FNDA:0,(anonymous_7)
FNDA:0,(anonymous_8)
FNDA:0,(anonymous_9)
FNDA:0,(anonymous_10)
FNDA:0,(anonymous_11)
FNDA:0,(anonymous_12)
FNDA:0,(anonymous_13)
FNDA:0,(anonymous_14)
FNDA:0,(anonymous_15)
FNDA:0,(anonymous_16)
FNDA:0,(anonymous_17)
FNDA:0,(anonymous_18)
FNDA:0,(anonymous_19)
FNDA:0,(anonymous_20)
FNDA:0,(anonymous_21)
FNDA:0,(anonymous_22)
FNDA:0,(anonymous_23)
FNDA:0,(anonymous_24)
FNDA:0,(anonymous_25)
FNDA:0,(anonymous_26)
FNDA:0,(anonymous_27)
FNDA:0,(anonymous_28)
FNDA:0,(anonymous_29)
FNDA:0,(anonymous_30)
FNDA:0,(anonymous_31)
FNDA:0,(anonymous_32)
FNDA:0,(anonymous_33)
FNDA:0,(anonymous_34)
FNDA:0,(anonymous_35)
FNDA:0,(anonymous_36)
FNDA:0,(anonymous_37)
FNDA:0,(anonymous_38)
DA:10,0
DA:23,0
DA:24,0
DA:25,0
DA:27,0
DA:28,0
DA:29,0
DA:30,0
DA:31,0
DA:35,0
DA:36,0
DA:39,0
DA:40,0
DA:42,0
DA:43,0
DA:44,0
DA:48,0
DA:52,0
DA:59,0
DA:70,0
DA:81,0
DA:82,0
DA:84,0
DA:85,0
DA:86,0
DA:87,0
DA:91,0
DA:92,0
DA:93,0
DA:94,0
DA:95,0
DA:96,0
DA:101,0
DA:102,0
DA:103,0
DA:107,0
DA:128,0
DA:141,0
DA:142,0
DA:143,0
DA:144,0
DA:146,0
DA:189,0
DA:198,0
DA:199,0
DA:201,0
DA:202,0
DA:204,0
DA:207,0
DA:211,0
DA:212,0
DA:216,0
DA:219,0
DA:220,0
DA:224,0
DA:227,0
DA:228,0
DA:232,0
DA:233,0
DA:235,0
DA:236,0
DA:240,0
DA:241,0
DA:245,0
DA:246,0
DA:247,0
DA:249,0
DA:250,0
DA:251,0
DA:252,0
DA:253,0
DA:254,0
DA:260,0
DA:261,0
DA:262,0
DA:266,0
DA:267,0
DA:268,0
DA:271,0
DA:273,0
DA:299,0
DA:300,0
DA:307,0
DA:313,0
DA:314,0
DA:315,0
DA:317,0
DA:318,0
DA:319,0
DA:322,0
DA:323,0
DA:324,0
DA:326,0
DA:329,0
DA:330,0
DA:331,0
DA:335,0
DA:360,0
DA:361,0
DA:367,0
DA:368,0
DA:375,0
DA:376,0
DA:379,0
DA:381,0
DA:383,0
DA:384,0
DA:386,0
DA:387,0
DA:389,0
DA:390,0
DA:391,0
DA:393,0
DA:399,0
DA:400,0
DA:404,0
DA:413,0
DA:424,0
DA:435,0
DA:449,0
DA:463,0
DA:477,0
DA:479,0
DA:485,0
DA:491,0
DA:501,0
DA:503,0
DA:513,0
DA:521,0
DA:532,0
DA:557,0
DA:564,0
DA:572,0
DA:577,0
DA:579,0
DA:585,0
DA:587,0
DA:595,0
DA:600,0
DA:608,0
DA:621,0
DA:630,0
DA:637,0
DA:644,0
DA:662,0
DA:666,0
DA:677,0
DA:692,0
DA:697,0
DA:708,0
DA:710,0
DA:717,0
DA:724,0
DA:731,0
DA:741,0
DA:748,0
DA:755,0
DA:759,0
DA:766,0
LF:159
LH:0
BRDA:30,0,0,0
BRDA:30,0,1,0
BRDA:54,1,0,0
BRDA:55,2,0,0
BRDA:56,3,0,0
BRDA:73,4,0,0
BRDA:76,5,0,0
BRDA:77,6,0,0
BRDA:78,7,0,0
BRDA:85,8,0,0
BRDA:85,8,1,0
BRDA:85,9,0,0
BRDA:85,9,1,0
BRDA:92,10,0,0
BRDA:92,10,1,0
BRDA:92,11,0,0
BRDA:92,11,1,0
BRDA:95,12,0,0
BRDA:95,12,1,0
BRDA:102,13,0,0
BRDA:102,13,1,0
BRDA:131,14,0,0
BRDA:132,15,0,0
BRDA:141,16,0,0
BRDA:141,16,1,0
BRDA:150,17,0,0
BRDA:150,17,1,0
BRDA:167,18,0,0
BRDA:167,18,1,0
BRDA:167,19,0,0
BRDA:167,19,1,0
BRDA:173,20,0,0
BRDA:173,20,1,0
BRDA:179,21,0,0
BRDA:179,21,1,0
BRDA:194,22,0,0
BRDA:195,23,0,0
BRDA:202,24,0,0
BRDA:202,24,1,0
BRDA:211,25,0,0
BRDA:211,25,1,0
BRDA:219,26,0,0
BRDA:219,26,1,0
BRDA:233,27,0,0
BRDA:233,27,1,0
BRDA:235,28,0,0
BRDA:235,28,1,0
BRDA:235,29,0,0
BRDA:235,29,1,0
BRDA:240,30,0,0
BRDA:240,30,1,0
BRDA:245,31,0,0
BRDA:245,31,1,0
BRDA:249,32,0,0
BRDA:249,32,1,0
BRDA:249,33,0,0
BRDA:249,33,1,0
BRDA:252,34,0,0
BRDA:252,34,1,0
BRDA:252,35,0,0
BRDA:252,35,1,0
BRDA:261,36,0,0
BRDA:261,36,1,0
BRDA:261,37,0,0
BRDA:261,37,1,0
BRDA:271,38,0,0
BRDA:271,38,1,0
BRDA:310,39,0,0
BRDA:311,40,0,0
BRDA:323,41,0,0
BRDA:323,41,1,0
BRDA:330,42,0,0
BRDA:330,42,1,0
BRDA:344,43,0,0
BRDA:344,43,1,0
BRDA:346,44,0,0
BRDA:346,44,1,0
BRDA:381,45,0,0
BRDA:381,45,1,0
BRDA:381,45,2,0
BRDA:381,45,3,0
BRDA:383,46,0,0
BRDA:383,46,1,0
BRDA:386,47,0,0
BRDA:386,47,1,0
BRDA:477,48,0,0
BRDA:477,48,1,0
BRDA:477,48,2,0
BRDA:501,49,0,0
BRDA:501,49,1,0
BRDA:501,49,2,0
BRDA:532,50,0,0
BRDA:532,50,1,0
BRDA:579,51,0,0
BRDA:579,51,1,0
BRDA:585,52,0,0
BRDA:585,52,1,0
BRDA:587,53,0,0
BRDA:587,53,1,0
BRDA:708,54,0,0
BRDA:708,54,1,0
BRDA:708,54,2,0
BRDA:708,54,3,0
BRF:103
BRH:0
end_of_record
TN:
SF:src/components/ApiIntegrationTest.jsx
FN:23,(anonymous_0)
FN:41,(anonymous_1)
FN:43,(anonymous_2)
FN:45,(anonymous_3)
FN:50,(anonymous_4)
FN:52,(anonymous_5)
FN:61,(anonymous_6)
FN:63,(anonymous_7)
FN:64,(anonymous_8)
FN:69,(anonymous_9)
FN:71,(anonymous_10)
FN:72,(anonymous_11)
FN:77,(anonymous_12)
FN:82,(anonymous_13)
FN:86,(anonymous_14)
FN:90,(anonymous_15)
FN:94,(anonymous_16)
FN:125,(anonymous_17)
FN:129,(anonymous_18)
FN:133,(anonymous_19)
FN:137,(anonymous_20)
FN:155,(anonymous_21)
FN:162,(anonymous_22)
FN:165,(anonymous_23)
FN:168,(anonymous_24)
FN:173,(anonymous_25)
FN:174,(anonymous_26)
FN:187,(anonymous_27)
FN:191,(anonymous_28)
FN:193,(anonymous_29)
FN:206,(anonymous_30)
FN:226,(anonymous_31)
FN:253,(anonymous_32)
FN:259,(anonymous_33)
FN:265,(anonymous_34)
FN:271,(anonymous_35)
FN:281,(anonymous_36)
FN:312,(anonymous_37)
FN:324,(anonymous_38)
FN:372,(anonymous_39)
FN:442,(anonymous_40)
FNF:41
FNH:0
FNDA:0,(anonymous_0)
FNDA:0,(anonymous_1)
FNDA:0,(anonymous_2)
FNDA:0,(anonymous_3)
FNDA:0,(anonymous_4)
FNDA:0,(anonymous_5)
FNDA:0,(anonymous_6)
FNDA:0,(anonymous_7)
FNDA:0,(anonymous_8)
FNDA:0,(anonymous_9)
FNDA:0,(anonymous_10)
FNDA:0,(anonymous_11)
FNDA:0,(anonymous_12)
FNDA:0,(anonymous_13)
FNDA:0,(anonymous_14)
FNDA:0,(anonymous_15)
FNDA:0,(anonymous_16)
FNDA:0,(anonymous_17)
FNDA:0,(anonymous_18)
FNDA:0,(anonymous_19)
FNDA:0,(anonymous_20)
FNDA:0,(anonymous_21)
FNDA:0,(anonymous_22)
FNDA:0,(anonymous_23)
FNDA:0,(anonymous_24)
FNDA:0,(anonymous_25)
FNDA:0,(anonymous_26)
FNDA:0,(anonymous_27)
FNDA:0,(anonymous_28)
FNDA:0,(anonymous_29)
FNDA:0,(anonymous_30)
FNDA:0,(anonymous_31)
FNDA:0,(anonymous_32)
FNDA:0,(anonymous_33)
FNDA:0,(anonymous_34)
FNDA:0,(anonymous_35)
FNDA:0,(anonymous_36)
FNDA:0,(anonymous_37)
FNDA:0,(anonymous_38)
FNDA:0,(anonymous_39)
FNDA:0,(anonymous_40)
DA:23,0
DA:24,0
DA:25,0
DA:26,0
DA:29,0
DA:30,0
DA:31,0
DA:34,0
DA:35,0
DA:36,0
DA:37,0
DA:40,0
DA:41,0
DA:44,0
DA:45,0
DA:51,0
DA:52,0
DA:60,0
DA:61,0
DA:63,0
DA:64,0
DA:68,0
DA:69,0
DA:71,0
DA:72,0
DA:77,0
DA:78,0
DA:82,0
DA:86,0
DA:90,0
DA:94,0
DA:98,0
DA:100,0
DA:101,0
DA:102,0
DA:103,0
DA:104,0
DA:109,0
DA:111,0
DA:116,0
DA:120,0
DA:121,0
DA:125,0
DA:126,0
DA:129,0
DA:133,0
DA:137,0
DA:141,0
DA:143,0
DA:144,0
DA:145,0
DA:147,0
DA:151,0
DA:155,0
DA:157,0
DA:162,0
DA:163,0
DA:165,0
DA:166,0
DA:168,0
DA:169,0
DA:172,0
DA:174,0
DA:175,0
DA:183,0
DA:187,0
DA:188,0
DA:190,0
DA:192,0
DA:193,0
DA:194,0
DA:196,0
DA:202,0
DA:206,0
DA:207,0
DA:209,0
DA:217,0
DA:219,0
DA:221,0
DA:226,0
DA:227,0
DA:229,0
DA:230,0
DA:231,0
DA:232,0
DA:233,0
DA:234,0
DA:236,0
DA:238,0
DA:242,0
DA:253,0
DA:259,0
DA:265,0
DA:271,0
DA:282,0
DA:312,0
DA:324,0
DA:372,0
DA:443,0
LF:99
LH:0
BRDA:252,0,0,0
BRDA:252,0,1,0
BRDA:258,1,0,0
BRDA:258,1,1,0
BRDA:264,2,0,0
BRDA:264,2,1,0
BRDA:270,3,0,0
BRDA:270,3,1,0
BRDA:278,4,0,0
BRDA:278,4,1,0
BRDA:294,5,0,0
BRDA:294,5,1,0
BRDA:302,6,0,0
BRDA:302,6,1,0
BRDA:303,7,0,0
BRDA:303,7,1,0
BRDA:304,8,0,0
BRDA:304,8,1,0
BRDA:306,9,0,0
BRDA:306,9,1,0
BRDA:309,10,0,0
BRDA:309,10,1,0
BRDA:323,11,0,0
BRDA:323,11,1,0
BRDA:324,12,0,0
BRDA:324,12,1,0
BRDA:327,13,0,0
BRDA:327,13,1,0
BRDA:328,14,0,0
BRDA:328,14,1,0
BRDA:329,15,0,0
BRDA:329,15,1,0
BRDA:331,16,0,0
BRDA:331,16,1,0
BRDA:346,17,0,0
BRDA:346,17,1,0
BRDA:349,18,0,0
BRDA:349,18,1,0
BRDA:350,19,0,0
BRDA:350,19,1,0
BRDA:351,20,0,0
BRDA:351,20,1,0
BRDA:358,21,0,0
BRDA:358,21,1,0
BRDA:365,22,0,0
BRDA:365,22,1,0
BRDA:366,23,0,0
BRDA:366,23,1,0
BRDA:367,24,0,0
BRDA:367,24,1,0
BRDA:369,25,0,0
BRDA:369,25,1,0
BRDA:379,26,0,0
BRDA:379,26,1,0
BRDA:393,27,0,0
BRDA:393,27,1,0
BRDA:409,28,0,0
BRDA:409,28,1,0
BRDA:439,29,0,0
BRDA:439,29,1,0
BRDA:443,30,0,0
BRDA:443,30,1,0
BRDA:446,31,0,0
BRDA:446,31,1,0
BRDA:448,32,0,0
BRDA:448,32,1,0
BRF:66
BRH:0
end_of_record
TN:
SF:src/components/AuthIntegrationTest.jsx
FN:41,(anonymous_0)
FN:49,(anonymous_1)
FN:60,(anonymous_2)
FN:67,(anonymous_3)
FN:74,(anonymous_4)
FN:88,(anonymous_5)
FN:101,(anonymous_6)
FN:142,(anonymous_7)
FN:154,(anonymous_8)
FN:159,(anonymous_9)
FN:170,(anonymous_10)
FN:251,(anonymous_11)
FNF:12
FNH:0
FNDA:0,(anonymous_0)
FNDA:0,(anonymous_1)
FNDA:0,(anonymous_2)
FNDA:0,(anonymous_3)
FNDA:0,(anonymous_4)
FNDA:0,(anonymous_5)
FNDA:0,(anonymous_6)
FNDA:0,(anonymous_7)
FNDA:0,(anonymous_8)
FNDA:0,(anonymous_9)
FNDA:0,(anonymous_10)
FNDA:0,(anonymous_11)
DA:14,0
DA:22,0
DA:30,0
DA:37,0
DA:42,0
DA:43,0
DA:44,0
DA:45,0
DA:49,0
DA:50,0
DA:52,0
DA:54,0
DA:56,0
DA:60,0
DA:61,0
DA:62,0
DA:63,0
DA:64,0
DA:67,0
DA:68,0
DA:69,0
DA:70,0
DA:71,0
DA:74,0
DA:75,0
DA:76,0
DA:77,0
DA:79,0
DA:88,0
DA:89,0
DA:90,0
DA:92,0
DA:101,0
DA:102,0
DA:141,0
DA:142,0
DA:143,0
DA:144,0
DA:151,0
DA:154,0
DA:155,0
DA:156,0
DA:159,0
DA:160,0
DA:161,0
DA:162,0
DA:164,0
DA:165,0
DA:169,0
DA:170,0
DA:171,0
DA:173,0
DA:252,0
LF:53
LH:0
BRDA:42,0,0,0
BRDA:42,0,1,0
BRDA:43,1,0,0
BRDA:43,1,1,0
BRDA:44,2,0,0
BRDA:44,2,1,0
BRDA:50,3,0,0
BRDA:50,3,1,0
BRDA:50,3,2,0
BRDA:84,4,0,0
BRDA:84,4,1,0
BRDA:146,5,0,0
BRDA:146,5,1,0
BRDA:171,6,0,0
BRDA:171,6,1,0
BRDA:195,7,0,0
BRDA:195,7,1,0
BRDA:202,8,0,0
BRDA:202,8,1,0
BRDA:221,9,0,0
BRDA:221,9,1,0
BRDA:222,10,0,0
BRDA:222,10,1,0
BRDA:223,11,0,0
BRDA:223,11,1,0
BRDA:224,12,0,0
BRDA:224,12,1,0
BRDA:228,13,0,0
BRDA:228,13,1,0
BRDA:240,14,0,0
BRDA:240,14,1,0
BRDA:260,15,0,0
BRDA:260,15,1,0
BRDA:261,16,0,0
BRDA:261,16,1,0
BRDA:262,17,0,0
BRDA:262,17,1,0
BRDA:339,18,0,0
BRDA:339,18,1,0
BRDA:345,19,0,0
BRDA:345,19,1,0
BRDA:347,20,0,0
BRDA:347,20,1,0
BRDA:350,21,0,0
BRDA:350,21,1,0
BRF:45
BRH:0
end_of_record
TN:
SF:src/components/ConnectionTest.jsx
FN:4,(anonymous_0)
FN:9,(anonymous_1)
FN:20,(anonymous_2)
FN:36,(anonymous_3)
FNF:4
FNH:0
FNDA:0,(anonymous_0)
FNDA:0,(anonymous_1)
FNDA:0,(anonymous_2)
FNDA:0,(anonymous_3)
DA:4,0
DA:5,0
DA:6,0
DA:7,0
DA:9,0
DA:11,0
DA:17,0
DA:20,0
DA:21,0
DA:22,0
DA:23,0
DA:25,0
DA:33,0
DA:36,0
DA:37,0
DA:39,0
DA:40,0
DA:41,0
DA:45,0
DA:48,0
DA:53,0
DA:54,0
DA:60,0
DA:67,0
DA:75,0
LF:25
LH:0
BRDA:13,0,0,0
BRDA:13,0,1,0
BRDA:40,1,0,0
BRDA:40,1,1,0
BRDA:53,2,0,0
BRDA:53,2,1,0
BRDA:100,3,0,0
BRDA:100,3,1,0
BRDA:123,4,0,0
BRDA:123,4,1,0
BRDA:129,5,0,0
BRDA:129,5,1,0
BRF:12
BRH:0
end_of_record
TN:
SF:src/components/DebugInfo.jsx
FN:8,(anonymous_0)
FN:38,(anonymous_1)
FNF:2
FNH:0
FNDA:0,(anonymous_0)
FNDA:0,(anonymous_1)
DA:8,0
DA:9,0
DA:18,0
DA:39,0
LF:4
LH:0
BRDA:13,0,0,0
BRDA:13,0,1,0
BRDA:14,1,0,0
BRDA:14,1,1,0
BRDA:15,2,0,0
BRDA:15,2,1,0
BRF:6
BRH:0
end_of_record
TN:
SF:src/components/DemoBanner.jsx
FN:10,(anonymous_0)
FN:41,(anonymous_1)
FNF:2
FNH:0
FNDA:0,(anonymous_0)
FNDA:0,(anonymous_1)
DA:10,0
DA:11,0
DA:13,0
DA:15,0
DA:41,0
LF:5
LH:0
BRDA:13,0,0,0
BRDA:13,0,1,0
BRDA:31,1,0,0
BRDA:31,1,1,0
BRDA:40,2,0,0
BRDA:40,2,1,0
BRF:6
BRH:0
end_of_record
TN:
SF:src/components/DemoLandingPage.jsx
FN:10,(anonymous_0)
FN:14,(anonymous_1)
FN:74,(anonymous_2)
FN:92,(anonymous_3)
FNF:4
FNH:0
FNDA:0,(anonymous_0)
FNDA:0,(anonymous_1)
FNDA:0,(anonymous_2)
FNDA:0,(anonymous_3)
DA:10,0
DA:11,0
DA:12,0
DA:14,0
DA:15,0
DA:17,0
DA:20,0
DA:74,0
DA:92,0
LF:9
LH:0
BRDA:68,0,0,0
BRDA:68,0,1,0
BRDA:86,1,0,0
BRDA:86,1,1,0
BRF:4
BRH:0
end_of_record
TN:
SF:src/components/DemoUITest.jsx
FN:11,(anonymous_0)
FN:25,(anonymous_1)
FN:49,(anonymous_2)
FN:86,(anonymous_3)
FN:91,(anonymous_4)
FN:100,(anonymous_5)
FN:107,(anonymous_6)
FN:108,(anonymous_7)
FN:112,(anonymous_8)
FN:113,(anonymous_9)
FN:116,(anonymous_10)
FN:122,(anonymous_11)
FN:158,(anonymous_12)
FN:202,(anonymous_13)
FN:212,(anonymous_14)
FN:226,(anonymous_15)
FN:237,(anonymous_16)
FN:249,(anonymous_17)
FN:258,(anonymous_18)
FN:267,(anonymous_19)
FN:291,(anonymous_20)
FN:300,(anonymous_21)
FN:307,(anonymous_22)
FNF:23
FNH:0
FNDA:0,(anonymous_0)
FNDA:0,(anonymous_1)
FNDA:0,(anonymous_2)
FNDA:0,(anonymous_3)
FNDA:0,(anonymous_4)
FNDA:0,(anonymous_5)
FNDA:0,(anonymous_6)
FNDA:0,(anonymous_7)
FNDA:0,(anonymous_8)
FNDA:0,(anonymous_9)
FNDA:0,(anonymous_10)
FNDA:0,(anonymous_11)
FNDA:0,(anonymous_12)
FNDA:0,(anonymous_13)
FNDA:0,(anonymous_14)
FNDA:0,(anonymous_15)
FNDA:0,(anonymous_16)
FNDA:0,(anonymous_17)
FNDA:0,(anonymous_18)
FNDA:0,(anonymous_19)
FNDA:0,(anonymous_20)
FNDA:0,(anonymous_21)
FNDA:0,(anonymous_22)
DA:11,0
DA:12,0
DA:13,0
DA:14,0
DA:15,0
DA:24,0
DA:25,0
DA:48,0
DA:49,0
DA:86,0
DA:87,0
DA:88,0
DA:91,0
DA:92,0
DA:97,0
DA:100,0
DA:101,0
DA:102,0
DA:103,0
DA:104,0
DA:107,0
DA:108,0
DA:109,0
DA:112,0
DA:113,0
DA:116,0
DA:117,0
DA:118,0
DA:119,0
DA:122,0
DA:123,0
DA:131,0
DA:132,0
DA:133,0
DA:136,0
DA:143,0
DA:146,0
DA:159,0
DA:203,0
DA:213,0
DA:227,0
DA:238,0
DA:249,0
DA:259,0
DA:267,0
DA:292,0
DA:300,0
DA:307,0
LF:48
LH:0
BRDA:163,0,0,0
BRDA:163,0,1,0
BRDA:276,1,0,0
BRDA:276,1,1,0
BRDA:335,2,0,0
BRDA:335,2,1,0
BRDA:335,2,2,0
BRF:7
BRH:0
end_of_record
TN:
SF:src/components/ErrorBoundary.jsx
FN:76,(anonymous_0)
FN:88,(anonymous_1)
FN:128,(anonymous_2)
FN:137,(anonymous_3)
FN:142,(anonymous_4)
FN:159,(anonymous_5)
FN:181,(anonymous_6)
FN:195,(anonymous_7)
FN:199,(anonymous_8)
FN:203,(anonymous_9)
FNF:10
FNH:0
FNDA:0,(anonymous_0)
FNDA:0,(anonymous_1)
FNDA:0,(anonymous_2)
FNDA:0,(anonymous_3)
FNDA:0,(anonymous_4)
FNDA:0,(anonymous_5)
FNDA:0,(anonymous_6)
FNDA:0,(anonymous_7)
FNDA:0,(anonymous_8)
FNDA:0,(anonymous_9)
DA:11,0
DA:22,0
DA:32,0
DA:44,0
DA:51,0
DA:57,0
DA:64,0
DA:77,0
DA:89,0
DA:101,0
DA:129,0
DA:130,0
DA:139,0
DA:144,0
DA:150,0
DA:153,0
DA:155,0
DA:159,0
DA:161,0
DA:178,0
DA:181,0
DA:183,0
DA:184,0
DA:185,0
DA:186,0
DA:187,0
DA:190,0
DA:192,0
DA:195,0
DA:196,0
DA:199,0
DA:200,0
DA:204,0
DA:205,0
DA:206,0
DA:208,0
DA:263,0
LF:37
LH:0
BRDA:77,0,0,0
BRDA:77,0,1,0
BRDA:89,1,0,0
BRDA:89,1,1,0
BRDA:153,2,0,0
BRDA:153,2,1,0
BRDA:185,3,0,0
BRDA:185,3,1,0
BRDA:187,4,0,0
BRDA:187,4,1,0
BRDA:204,5,0,0
BRDA:204,5,1,0
BRDA:235,6,0,0
BRDA:235,6,1,0
BRDA:235,6,2,0
BRDA:243,7,0,0
BRDA:243,7,1,0
BRDA:249,8,0,0
BRDA:249,8,1,0
BRF:19
BRH:0
end_of_record
TN:
SF:src/components/EstimateCreator.jsx
FN:34,(anonymous_0)
FN:149,(anonymous_1)
FN:160,(anonymous_2)
FN:241,(anonymous_3)
FN:246,(anonymous_4)
FN:282,(anonymous_5)
FN:294,(anonymous_6)
FN:306,(anonymous_7)
FN:318,(anonymous_8)
FN:323,(anonymous_9)
FN:323,(anonymous_10)
FN:336,(anonymous_11)
FN:336,(anonymous_12)
FN:348,(anonymous_13)
FN:356,(anonymous_14)
FN:356,(anonymous_15)
FN:364,(anonymous_16)
FN:364,(anonymous_17)
FN:376,(anonymous_18)
FN:384,(anonymous_19)
FN:385,(anonymous_20)
FN:406,(anonymous_21)
FN:411,(anonymous_22)
FN:430,(anonymous_23)
FN:442,(anonymous_24)
FN:473,(anonymous_25)
FN:474,(anonymous_26)
FN:502,(anonymous_27)
FN:548,(anonymous_28)
FN:557,(anonymous_29)
FN:646,(anonymous_30)
FNF:31
FNH:0
FNDA:0,(anonymous_0)
FNDA:0,(anonymous_1)
FNDA:0,(anonymous_2)
FNDA:0,(anonymous_3)
FNDA:0,(anonymous_4)
FNDA:0,(anonymous_5)
FNDA:0,(anonymous_6)
FNDA:0,(anonymous_7)
FNDA:0,(anonymous_8)
FNDA:0,(anonymous_9)
FNDA:0,(anonymous_10)
FNDA:0,(anonymous_11)
FNDA:0,(anonymous_12)
FNDA:0,(anonymous_13)
FNDA:0,(anonymous_14)
FNDA:0,(anonymous_15)
FNDA:0,(anonymous_16)
FNDA:0,(anonymous_17)
FNDA:0,(anonymous_18)
FNDA:0,(anonymous_19)
FNDA:0,(anonymous_20)
FNDA:0,(anonymous_21)
FNDA:0,(anonymous_22)
FNDA:0,(anonymous_23)
FNDA:0,(anonymous_24)
FNDA:0,(anonymous_25)
FNDA:0,(anonymous_26)
FNDA:0,(anonymous_27)
FNDA:0,(anonymous_28)
FNDA:0,(anonymous_29)
FNDA:0,(anonymous_30)
DA:34,0
DA:36,0
DA:48,0
DA:58,0
DA:71,0
DA:88,0
DA:107,0
DA:122,0
DA:138,0
DA:149,0
DA:151,0
DA:152,0
DA:153,0
DA:154,0
DA:155,0
DA:157,0
DA:160,0
DA:162,0
DA:163,0
DA:174,0
DA:175,0
DA:176,0
DA:179,0
DA:180,0
DA:181,0
DA:182,0
DA:183,0
DA:186,0
DA:189,0
DA:190,0
DA:191,0
DA:198,0
DA:199,0
DA:202,0
DA:203,0
DA:207,0
DA:208,0
DA:212,0
DA:213,0
DA:214,0
DA:216,0
DA:218,0
DA:220,0
DA:223,0
DA:233,0
DA:234,0
DA:236,0
DA:241,0
DA:242,0
DA:246,0
DA:247,0
DA:250,0
DA:251,0
DA:252,0
DA:253,0
DA:256,0
DA:257,0
DA:258,0
DA:265,0
DA:266,0
DA:269,0
DA:270,0
DA:272,0
DA:274,0
DA:275,0
DA:277,0
DA:282,0
DA:283,0
DA:286,0
DA:287,0
DA:294,0
DA:295,0
DA:296,0
DA:299,0
DA:300,0
DA:301,0
DA:306,0
DA:307,0
DA:308,0
DA:310,0
DA:311,0
DA:313,0
DA:318,0
DA:319,0
DA:322,0
DA:323,0
DA:324,0
DA:325,0
DA:328,0
DA:329,0
DA:330,0
DA:336,0
DA:337,0
DA:338,0
DA:340,0
DA:341,0
DA:343,0
DA:348,0
DA:349,0
DA:351,0
DA:352,0
DA:355,0
DA:356,0
DA:357,0
DA:358,0
DA:361,0
DA:362,0
DA:363,0
DA:364,0
DA:365,0
DA:366,0
DA:368,0
DA:369,0
DA:371,0
DA:376,0
DA:378,0
DA:379,0
DA:380,0
DA:381,0
DA:384,0
DA:385,0
DA:387,0
DA:388,0
DA:389,0
DA:395,0
DA:396,0
DA:398,0
DA:399,0
DA:401,0
DA:406,0
DA:407,0
DA:410,0
DA:411,0
DA:412,0
DA:413,0
DA:418,0
DA:421,0
DA:422,0
DA:423,0
DA:425,0
DA:430,0
DA:431,0
DA:433,0
DA:434,0
DA:437,0
DA:438,0
DA:442,0
DA:443,0
DA:446,0
DA:447,0
DA:448,0
DA:451,0
DA:452,0
DA:453,0
DA:456,0
DA:457,0
DA:458,0
DA:459,0
DA:460,0
DA:461,0
DA:462,0
DA:463,0
DA:465,0
DA:466,0
DA:468,0
DA:473,0
DA:474,0
DA:475,0
DA:476,0
DA:478,0
DA:479,0
DA:480,0
DA:482,0
DA:484,0
DA:485,0
DA:486,0
DA:488,0
DA:490,0
DA:491,0
DA:492,0
DA:494,0
DA:496,0
DA:501,0
DA:502,0
DA:505,0
DA:506,0
DA:534,0
DA:548,0
DA:558,0
DA:646,0
LF:190
LH:0
BRDA:162,0,0,0
BRDA:162,0,1,0
BRDA:162,1,0,0
BRDA:162,1,1,0
BRDA:179,2,0,0
BRDA:179,2,1,0
BRDA:179,3,0,0
BRDA:179,3,1,0
BRDA:198,4,0,0
BRDA:198,4,1,0
BRDA:199,5,0,0
BRDA:199,5,1,0
BRDA:202,6,0,0
BRDA:202,6,1,0
BRDA:207,7,0,0
BRDA:207,7,1,0
BRDA:213,8,0,0
BRDA:213,8,1,0
BRDA:214,9,0,0
BRDA:214,9,1,0
BRDA:218,10,0,0
BRDA:218,10,1,0
BRDA:247,11,0,0
BRDA:247,11,1,0
BRDA:250,12,0,0
BRDA:250,12,1,0
BRDA:265,13,0,0
BRDA:265,13,1,0
BRDA:266,14,0,0
BRDA:266,14,1,0
BRDA:274,15,0,0
BRDA:274,15,1,0
BRDA:283,16,0,0
BRDA:283,16,1,0
BRDA:286,17,0,0
BRDA:286,17,1,0
BRDA:291,18,0,0
BRDA:291,18,1,0
BRDA:291,19,0,0
BRDA:291,19,1,0
BRDA:319,20,0,0
BRDA:319,20,1,0
BRDA:322,21,0,0
BRDA:322,21,1,0
BRDA:323,22,0,0
BRDA:323,22,1,0
BRDA:336,23,0,0
BRDA:336,23,1,0
BRDA:349,24,0,0
BRDA:349,24,1,0
BRDA:352,25,0,0
BRDA:352,25,1,0
BRDA:355,26,0,0
BRDA:355,26,1,0
BRDA:378,27,0,0
BRDA:378,27,1,0
BRDA:407,28,0,0
BRDA:407,28,1,0
BRDA:410,29,0,0
BRDA:410,29,1,0
BRDA:411,30,0,0
BRDA:411,30,1,0
BRDA:412,31,0,0
BRDA:412,31,1,0
BRDA:431,32,0,0
BRDA:431,32,1,0
BRDA:443,33,0,0
BRDA:443,33,1,0
BRDA:446,34,0,0
BRDA:446,34,1,0
BRDA:459,35,0,0
BRDA:459,35,1,0
BRDA:475,36,0,0
BRDA:475,36,1,0
BRDA:475,37,0,0
BRDA:475,37,1,0
BRDA:476,38,0,0
BRDA:476,38,1,0
BRDA:476,38,2,0
BRDA:476,38,3,0
BRDA:479,39,0,0
BRDA:479,39,1,0
BRDA:479,40,0,0
BRDA:479,40,1,0
BRDA:485,41,0,0
BRDA:485,41,1,0
BRDA:491,42,0,0
BRDA:491,42,1,0
BRDA:505,43,0,0
BRDA:505,43,1,0
BRDA:538,44,0,0
BRDA:538,44,1,0
BRDA:581,45,0,0
BRDA:581,45,1,0
BRDA:582,46,0,0
BRDA:582,46,1,0
BRDA:645,47,0,0
BRDA:645,47,1,0
BRF:98
BRH:0
end_of_record
TN:
SF:src/components/EstimateCreator.types.ts
FNF:0
FNH:0
LF:0
LH:0
BRF:0
BRH:0
end_of_record
TN:
SF:src/components/EstimateHeader.jsx
FN:50,(anonymous_0)
FN:51,(anonymous_1)
FN:52,(anonymous_2)
FN:60,(anonymous_3)
FNF:4
FNH:0
FNDA:0,(anonymous_0)
FNDA:0,(anonymous_1)
FNDA:0,(anonymous_2)
FNDA:0,(anonymous_3)
DA:4,0
DA:21,0
DA:32,0
DA:45,0
DA:50,0
DA:51,0
DA:52,0
DA:60,0
DA:61,0
LF:9
LH:0
BRDA:50,0,0,0
BRDA:50,0,1,0
BRDA:51,1,0,0
BRDA:51,1,1,0
BRDA:52,2,0,0
BRDA:52,2,1,0
BRDA:64,3,0,0
BRDA:64,3,1,0
BRDA:64,3,2,0
BRDA:65,4,0,0
BRDA:65,4,1,0
BRDA:74,5,0,0
BRDA:74,5,1,0
BRF:13
BRH:0
end_of_record
TN:
SF:src/components/EstimatePDFGenerator.jsx
FN:19,(anonymous_0)
FN:77,(anonymous_1)
FN:147,(anonymous_2)
FN:207,(anonymous_3)
FN:222,(anonymous_4)
FN:246,(anonymous_5)
FN:260,(anonymous_6)
FN:289,(anonymous_7)
FN:309,(anonymous_8)
FN:337,(anonymous_9)
FN:367,(anonymous_10)
FN:392,(anonymous_11)
FN:403,(anonymous_12)
FN:466,(anonymous_13)
FN:494,(anonymous_14)
FN:502,(anonymous_15)
FN:504,(anonymous_16)
FN:516,(anonymous_17)
FN:531,(anonymous_18)
FN:556,(anonymous_19)
FNF:20
FNH:0
FNDA:0,(anonymous_0)
FNDA:0,(anonymous_1)
FNDA:0,(anonymous_2)
FNDA:0,(anonymous_3)
FNDA:0,(anonymous_4)
FNDA:0,(anonymous_5)
FNDA:0,(anonymous_6)
FNDA:0,(anonymous_7)
FNDA:0,(anonymous_8)
FNDA:0,(anonymous_9)
FNDA:0,(anonymous_10)
FNDA:0,(anonymous_11)
FNDA:0,(anonymous_12)
FNDA:0,(anonymous_13)
FNDA:0,(anonymous_14)
FNDA:0,(anonymous_15)
FNDA:0,(anonymous_16)
FNDA:0,(anonymous_17)
FNDA:0,(anonymous_18)
FNDA:0,(anonymous_19)
DA:19,0
DA:20,0
DA:22,0
DA:30,0
DA:31,0
DA:32,0
DA:34,0
DA:37,0
DA:40,0
DA:43,0
DA:46,0
DA:49,0
DA:52,0
DA:55,0
DA:58,0
DA:67,0
DA:69,0
DA:70,0
DA:77,0
DA:78,0
DA:81,0
DA:82,0
DA:85,0
DA:86,0
DA:89,0
DA:90,0
DA:91,0
DA:92,0
DA:93,0
DA:97,0
DA:98,0
DA:99,0
DA:100,0
DA:101,0
DA:104,0
DA:105,0
DA:106,0
DA:107,0
DA:108,0
DA:112,0
DA:113,0
DA:114,0
DA:115,0
DA:116,0
DA:119,0
DA:120,0
DA:121,0
DA:124,0
DA:125,0
DA:126,0
DA:127,0
DA:128,0
DA:129,0
DA:131,0
DA:134,0
DA:135,0
DA:136,0
DA:137,0
DA:138,0
DA:139,0
DA:141,0
DA:147,0
DA:148,0
DA:151,0
DA:152,0
DA:154,0
DA:155,0
DA:156,0
DA:159,0
DA:160,0
DA:162,0
DA:163,0
DA:164,0
DA:166,0
DA:167,0
DA:168,0
DA:169,0
DA:172,0
DA:173,0
DA:174,0
DA:175,0
DA:178,0
DA:179,0
DA:180,0
DA:181,0
DA:183,0
DA:185,0
DA:186,0
DA:187,0
DA:188,0
DA:192,0
DA:193,0
DA:195,0
DA:196,0
DA:199,0
DA:200,0
DA:203,0
DA:204,0
DA:207,0
DA:208,0
DA:209,0
DA:210,0
DA:211,0
DA:216,0
DA:222,0
DA:223,0
DA:226,0
DA:227,0
DA:228,0
DA:230,0
DA:231,0
DA:232,0
DA:234,0
DA:235,0
DA:237,0
DA:246,0
DA:247,0
DA:248,0
DA:249,0
DA:250,0
DA:251,0
DA:254,0
DA:260,0
DA:261,0
DA:263,0
DA:264,0
DA:265,0
DA:268,0
DA:269,0
DA:270,0
DA:271,0
DA:274,0
DA:275,0
DA:277,0
DA:278,0
DA:279,0
DA:281,0
DA:282,0
DA:283,0
DA:285,0
DA:287,0
DA:289,0
DA:290,0
DA:291,0
DA:292,0
DA:293,0
DA:296,0
DA:297,0
DA:298,0
DA:300,0
DA:303,0
DA:306,0
DA:307,0
DA:309,0
DA:310,0
DA:313,0
DA:314,0
DA:315,0
DA:319,0
DA:320,0
DA:321,0
DA:324,0
DA:326,0
DA:327,0
DA:337,0
DA:338,0
DA:339,0
DA:340,0
DA:341,0
DA:345,0
DA:346,0
DA:347,0
DA:349,0
DA:350,0
DA:353,0
DA:354,0
DA:356,0
DA:357,0
DA:358,0
DA:360,0
DA:361,0
DA:362,0
DA:365,0
DA:366,0
DA:367,0
DA:368,0
DA:369,0
DA:374,0
DA:377,0
DA:381,0
DA:382,0
DA:383,0
DA:386,0
DA:387,0
DA:388,0
DA:389,0
DA:390,0
DA:392,0
DA:393,0
DA:394,0
DA:397,0
DA:403,0
DA:404,0
DA:406,0
DA:407,0
DA:408,0
DA:411,0
DA:412,0
DA:413,0
DA:415,0
DA:416,0
DA:417,0
DA:420,0
DA:421,0
DA:428,0
DA:431,0
DA:432,0
DA:433,0
DA:434,0
DA:441,0
DA:444,0
DA:445,0
DA:446,0
DA:449,0
DA:450,0
DA:451,0
DA:452,0
DA:453,0
DA:460,0
DA:466,0
DA:467,0
DA:469,0
DA:470,0
DA:471,0
DA:472,0
DA:474,0
DA:476,0
DA:477,0
DA:478,0
DA:481,0
DA:492,0
DA:493,0
DA:494,0
DA:495,0
DA:496,0
DA:501,0
DA:502,0
DA:503,0
DA:504,0
DA:505,0
DA:506,0
DA:510,0
DA:516,0
DA:517,0
DA:519,0
DA:520,0
DA:521,0
DA:524,0
DA:531,0
DA:532,0
DA:533,0
DA:538,0
DA:539,0
DA:541,0
DA:542,0
DA:543,0
DA:545,0
DA:546,0
DA:548,0
DA:549,0
DA:556,0
DA:562,0
DA:563,0
DA:565,0
DA:568,0
DA:571,0
DA:573,0
DA:575,0
DA:577,0
DA:579,0
DA:580,0
LF:281
LH:0
BRDA:19,0,0,0
BRDA:19,1,0,0
BRDA:59,2,0,0
BRDA:59,2,1,0
BRDA:61,3,0,0
BRDA:61,3,1,0
BRDA:85,4,0,0
BRDA:85,4,1,0
BRDA:100,5,0,0
BRDA:100,5,1,0
BRDA:104,6,0,0
BRDA:104,6,1,0
BRDA:172,7,0,0
BRDA:172,7,1,0
BRDA:185,8,0,0
BRDA:185,8,1,0
BRDA:187,9,0,0
BRDA:187,9,1,0
BRDA:192,10,0,0
BRDA:192,10,1,0
BRDA:195,11,0,0
BRDA:195,11,1,0
BRDA:199,12,0,0
BRDA:199,12,1,0
BRDA:203,13,0,0
BRDA:203,13,1,0
BRDA:208,14,0,0
BRDA:208,14,1,0
BRDA:208,15,0,0
BRDA:208,15,1,0
BRDA:210,16,0,0
BRDA:210,16,1,0
BRDA:238,17,0,0
BRDA:238,17,1,0
BRDA:239,18,0,0
BRDA:239,18,1,0
BRDA:240,19,0,0
BRDA:240,19,1,0
BRDA:241,20,0,0
BRDA:241,20,1,0
BRDA:242,21,0,0
BRDA:242,21,1,0
BRDA:243,22,0,0
BRDA:243,22,1,0
BRDA:290,23,0,0
BRDA:290,23,1,0
BRDA:313,24,0,0
BRDA:313,24,1,0
BRDA:329,25,0,0
BRDA:329,25,1,0
BRDA:331,26,0,0
BRDA:331,26,1,0
BRDA:332,27,0,0
BRDA:332,27,1,0
BRDA:333,28,0,0
BRDA:333,28,1,0
BRDA:334,29,0,0
BRDA:334,29,1,0
BRDA:338,30,0,0
BRDA:338,30,1,0
BRDA:345,31,0,0
BRDA:345,31,1,0
BRDA:354,32,0,0
BRDA:354,32,1,0
BRDA:354,33,0,0
BRDA:354,33,1,0
BRDA:358,34,0,0
BRDA:358,34,1,0
BRDA:368,35,0,0
BRDA:368,35,1,0
BRDA:392,36,0,0
BRDA:392,36,1,0
BRDA:393,37,0,0
BRDA:393,37,1,0
BRDA:422,38,0,0
BRDA:422,38,1,0
BRDA:431,39,0,0
BRDA:431,39,1,0
BRDA:435,40,0,0
BRDA:435,40,1,0
BRDA:454,41,0,0
BRDA:454,41,1,0
BRDA:492,42,0,0
BRDA:492,42,1,0
BRDA:495,43,0,0
BRDA:495,43,1,0
BRDA:525,44,0,0
BRDA:525,44,1,0
BRDA:525,45,0,0
BRDA:525,45,1,0
BRDA:526,46,0,0
BRDA:526,46,1,0
BRDA:526,47,0,0
BRDA:526,47,1,0
BRDA:527,48,0,0
BRDA:527,48,1,0
BRDA:528,49,0,0
BRDA:528,49,1,0
BRDA:532,50,0,0
BRDA:532,50,1,0
BRDA:548,51,0,0
BRDA:548,51,1,0
BRDA:559,52,0,0
BRDA:560,53,0,0
BRDA:565,54,0,0
BRDA:565,54,1,0
BRDA:568,55,0,0
BRDA:568,55,1,0
BRDA:573,56,0,0
BRDA:573,56,1,0
BRF:110
BRH:0
end_of_record
TN:
SF:src/components/EstimateWizard.jsx
FN:163,(anonymous_0)
FN:168,(anonymous_1)
FN:175,(anonymous_2)
FN:187,(anonymous_3)
FN:216,(anonymous_4)
FN:218,(anonymous_5)
FN:545,(anonymous_6)
FN:620,(anonymous_7)
FN:708,(anonymous_8)
FN:712,(anonymous_9)
FN:721,(anonymous_10)
FN:737,(anonymous_11)
FN:747,(anonymous_12)
FN:748,(anonymous_13)
FN:752,(anonymous_14)
FN:770,(anonymous_15)
FN:771,(anonymous_16)
FN:779,(anonymous_17)
FN:780,(anonymous_18)
FN:787,(anonymous_19)
FN:797,(anonymous_20)
FN:813,(anonymous_21)
FN:820,(anonymous_22)
FN:821,(anonymous_23)
FN:823,(anonymous_24)
FN:860,(anonymous_25)
FN:878,(anonymous_26)
FN:885,(anonymous_27)
FN:886,(anonymous_28)
FN:888,(anonymous_29)
FN:894,(anonymous_30)
FN:940,(anonymous_31)
FN:942,(anonymous_32)
FN:947,(anonymous_33)
FN:948,(anonymous_34)
FN:952,(anonymous_35)
FN:967,(anonymous_36)
FN:985,(anonymous_37)
FN:997,(anonymous_38)
FN:1021,(anonymous_39)
FN:1037,(anonymous_40)
FN:1050,(anonymous_41)
FN:1064,(anonymous_42)
FN:1084,(anonymous_43)
FN:1098,(anonymous_44)
FN:1118,(anonymous_45)
FN:1127,(anonymous_46)
FN:1151,(anonymous_47)
FN:1167,(anonymous_48)
FN:1185,(anonymous_49)
FN:1201,(anonymous_50)
FN:1219,(anonymous_51)
FN:1236,(anonymous_52)
FN:1246,(anonymous_53)
FN:1254,(anonymous_54)
FN:1271,(anonymous_55)
FN:1281,(anonymous_56)
FN:1292,(anonymous_57)
FN:1293,(anonymous_58)
FN:1297,(anonymous_59)
FN:1324,(anonymous_60)
FN:1347,(anonymous_61)
FN:1352,(anonymous_62)
FN:1358,(anonymous_63)
FN:1365,(anonymous_64)
FN:1371,(anonymous_65)
FN:1377,(anonymous_66)
FN:1384,(anonymous_67)
FN:1427,(anonymous_68)
FN:1452,(anonymous_69)
FN:1465,(anonymous_70)
FN:1522,(anonymous_71)
FN:1565,(anonymous_72)
FNF:73
FNH:0
FNDA:0,(anonymous_0)
FNDA:0,(anonymous_1)
FNDA:0,(anonymous_2)
FNDA:0,(anonymous_3)
FNDA:0,(anonymous_4)
FNDA:0,(anonymous_5)
FNDA:0,(anonymous_6)
FNDA:0,(anonymous_7)
FNDA:0,(anonymous_8)
FNDA:0,(anonymous_9)
FNDA:0,(anonymous_10)
FNDA:0,(anonymous_11)
FNDA:0,(anonymous_12)
FNDA:0,(anonymous_13)
FNDA:0,(anonymous_14)
FNDA:0,(anonymous_15)
FNDA:0,(anonymous_16)
FNDA:0,(anonymous_17)
FNDA:0,(anonymous_18)
FNDA:0,(anonymous_19)
FNDA:0,(anonymous_20)
FNDA:0,(anonymous_21)
FNDA:0,(anonymous_22)
FNDA:0,(anonymous_23)
FNDA:0,(anonymous_24)
FNDA:0,(anonymous_25)
FNDA:0,(anonymous_26)
FNDA:0,(anonymous_27)
FNDA:0,(anonymous_28)
FNDA:0,(anonymous_29)
FNDA:0,(anonymous_30)
FNDA:0,(anonymous_31)
FNDA:0,(anonymous_32)
FNDA:0,(anonymous_33)
FNDA:0,(anonymous_34)
FNDA:0,(anonymous_35)
FNDA:0,(anonymous_36)
FNDA:0,(anonymous_37)
FNDA:0,(anonymous_38)
FNDA:0,(anonymous_39)
FNDA:0,(anonymous_40)
FNDA:0,(anonymous_41)
FNDA:0,(anonymous_42)
FNDA:0,(anonymous_43)
FNDA:0,(anonymous_44)
FNDA:0,(anonymous_45)
FNDA:0,(anonymous_46)
FNDA:0,(anonymous_47)
FNDA:0,(anonymous_48)
FNDA:0,(anonymous_49)
FNDA:0,(anonymous_50)
FNDA:0,(anonymous_51)
FNDA:0,(anonymous_52)
FNDA:0,(anonymous_53)
FNDA:0,(anonymous_54)
FNDA:0,(anonymous_55)
FNDA:0,(anonymous_56)
FNDA:0,(anonymous_57)
FNDA:0,(anonymous_58)
FNDA:0,(anonymous_59)
FNDA:0,(anonymous_60)
FNDA:0,(anonymous_61)
FNDA:0,(anonymous_62)
FNDA:0,(anonymous_63)
FNDA:0,(anonymous_64)
FNDA:0,(anonymous_65)
FNDA:0,(anonymous_66)
FNDA:0,(anonymous_67)
FNDA:0,(anonymous_68)
FNDA:0,(anonymous_69)
FNDA:0,(anonymous_70)
FNDA:0,(anonymous_71)
FNDA:0,(anonymous_72)
DA:34,0
DA:45,0
DA:56,0
DA:62,0
DA:73,0
DA:99,0
DA:113,0
DA:123,0
DA:132,0
DA:144,0
DA:159,0
DA:164,0
DA:165,0
DA:166,0
DA:168,0
DA:176,0
DA:183,0
DA:187,0
DA:196,0
DA:211,0
DA:216,0
DA:218,0
DA:221,0
DA:236,0
DA:244,0
DA:258,0
DA:270,0
DA:275,0
DA:285,0
DA:311,0
DA:330,0
DA:347,0
DA:355,0
DA:373,0
DA:387,0
DA:434,0
DA:479,0
DA:487,0
DA:508,0
DA:513,0
DA:520,0
DA:533,0
DA:546,0
DA:548,0
DA:558,0
DA:568,0
DA:578,0
DA:602,0
DA:613,0
DA:620,0
DA:622,0
DA:623,0
DA:624,0
DA:625,0
DA:628,0
DA:629,0
DA:638,0
DA:639,0
DA:640,0
DA:643,0
DA:676,0
DA:677,0
DA:680,0
DA:708,0
DA:709,0
DA:712,0
DA:713,0
DA:715,0
DA:716,0
DA:717,0
DA:720,0
DA:721,0
DA:722,0
DA:723,0
DA:725,0
DA:727,0
DA:730,0
DA:735,0
DA:736,0
DA:737,0
DA:742,0
DA:747,0
DA:748,0
DA:749,0
DA:752,0
DA:753,0
DA:756,0
DA:757,0
DA:758,0
DA:760,0
DA:770,0
DA:771,0
DA:778,0
DA:780,0
DA:786,0
DA:787,0
DA:797,0
DA:798,0
DA:813,0
DA:820,0
DA:821,0
DA:824,0
DA:825,0
DA:828,0
DA:829,0
DA:830,0
DA:831,0
DA:832,0
DA:835,0
DA:836,0
DA:837,0
DA:838,0
DA:841,0
DA:842,0
DA:843,0
DA:844,0
DA:847,0
DA:848,0
DA:849,0
DA:852,0
DA:854,0
DA:860,0
DA:861,0
DA:878,0
DA:885,0
DA:886,0
DA:888,0
DA:893,0
DA:895,0
DA:897,0
DA:899,0
DA:900,0
DA:902,0
DA:903,0
DA:905,0
DA:906,0
DA:908,0
DA:911,0
DA:912,0
DA:914,0
DA:915,0
DA:917,0
DA:918,0
DA:920,0
DA:923,0
DA:924,0
DA:926,0
DA:930,0
DA:933,0
DA:934,0
DA:940,0
DA:941,0
DA:942,0
DA:947,0
DA:948,0
DA:952,0
DA:953,0
DA:954,0
DA:956,0
DA:957,0
DA:959,0
DA:960,0
DA:962,0
DA:967,0
DA:968,0
DA:970,0
DA:971,0
DA:973,0
DA:974,0
DA:975,0
DA:977,0
DA:978,0
DA:980,0
DA:985,0
DA:986,0
DA:994,0
DA:997,0
DA:998,0
DA:1021,0
DA:1037,0
DA:1050,0
DA:1064,0
DA:1084,0
DA:1098,0
DA:1118,0
DA:1127,0
DA:1128,0
DA:1151,0
DA:1167,0
DA:1185,0
DA:1201,0
DA:1219,0
DA:1236,0
DA:1246,0
DA:1254,0
DA:1255,0
DA:1272,0
DA:1282,0
DA:1292,0
DA:1294,0
DA:1295,0
DA:1298,0
DA:1299,0
DA:1324,0
DA:1348,0
DA:1352,0
DA:1358,0
DA:1365,0
DA:1371,0
DA:1377,0
DA:1384,0
DA:1427,0
DA:1428,0
DA:1453,0
DA:1465,0
DA:1523,0
DA:1550,0
DA:1566,0
LF:218
LH:0
BRDA:164,0,0,0
BRDA:164,0,1,0
BRDA:165,1,0,0
BRDA:165,1,1,0
BRDA:168,2,0,0
BRDA:168,2,1,0
BRDA:168,3,0,0
BRDA:168,3,1,0
BRDA:176,4,0,0
BRDA:176,4,1,0
BRDA:176,5,0,0
BRDA:176,5,1,0
BRDA:187,6,0,0
BRDA:187,6,1,0
BRDA:187,7,0,0
BRDA:187,7,1,0
BRDA:546,8,0,0
BRDA:546,8,1,0
BRDA:546,8,2,0
BRDA:546,8,3,0
BRDA:620,9,0,0
BRDA:625,10,0,0
BRDA:625,10,1,0
BRDA:722,11,0,0
BRDA:722,11,1,0
BRDA:730,12,0,0
BRDA:730,12,1,0
BRDA:749,13,0,0
BRDA:749,13,1,0
BRDA:753,14,0,0
BRDA:753,14,1,0
BRDA:756,15,0,0
BRDA:756,15,1,0
BRDA:758,16,0,0
BRDA:758,16,1,0
BRDA:786,17,0,0
BRDA:786,17,1,0
BRDA:797,18,0,0
BRDA:824,19,0,0
BRDA:824,19,1,0
BRDA:828,20,0,0
BRDA:828,20,1,0
BRDA:828,21,0,0
BRDA:828,21,1,0
BRDA:828,21,2,0
BRDA:829,22,0,0
BRDA:829,22,1,0
BRDA:830,23,0,0
BRDA:830,23,1,0
BRDA:831,24,0,0
BRDA:831,24,1,0
BRDA:835,25,0,0
BRDA:835,25,1,0
BRDA:835,26,0,0
BRDA:835,26,1,0
BRDA:836,27,0,0
BRDA:836,27,1,0
BRDA:837,28,0,0
BRDA:837,28,1,0
BRDA:841,29,0,0
BRDA:841,29,1,0
BRDA:841,30,0,0
BRDA:841,30,1,0
BRDA:842,31,0,0
BRDA:842,31,1,0
BRDA:843,32,0,0
BRDA:843,32,1,0
BRDA:847,33,0,0
BRDA:847,33,1,0
BRDA:848,34,0,0
BRDA:848,34,1,0
BRDA:897,35,0,0
BRDA:897,35,1,0
BRDA:897,35,2,0
BRDA:897,35,3,0
BRDA:899,36,0,0
BRDA:899,36,1,0
BRDA:902,37,0,0
BRDA:902,37,1,0
BRDA:905,38,0,0
BRDA:905,38,1,0
BRDA:911,39,0,0
BRDA:911,39,1,0
BRDA:914,40,0,0
BRDA:914,40,1,0
BRDA:917,41,0,0
BRDA:917,41,1,0
BRDA:923,42,0,0
BRDA:923,42,1,0
BRDA:941,43,0,0
BRDA:941,43,1,0
BRDA:968,44,0,0
BRDA:968,44,1,0
BRDA:975,45,0,0
BRDA:975,45,1,0
BRDA:990,46,0,0
BRDA:990,46,1,0
BRDA:1023,47,0,0
BRDA:1023,47,1,0
BRDA:1025,48,0,0
BRDA:1025,48,1,0
BRDA:1066,49,0,0
BRDA:1066,49,1,0
BRDA:1068,50,0,0
BRDA:1068,50,1,0
BRDA:1100,51,0,0
BRDA:1100,51,1,0
BRDA:1102,52,0,0
BRDA:1102,52,1,0
BRDA:1153,53,0,0
BRDA:1153,53,1,0
BRDA:1155,54,0,0
BRDA:1155,54,1,0
BRDA:1186,55,0,0
BRDA:1186,55,1,0
BRDA:1188,56,0,0
BRDA:1188,56,1,0
BRDA:1202,57,0,0
BRDA:1202,57,1,0
BRDA:1204,58,0,0
BRDA:1204,58,1,0
BRDA:1330,59,0,0
BRDA:1330,59,1,0
BRDA:1392,60,0,0
BRDA:1392,60,1,0
BRDA:1400,61,0,0
BRDA:1400,61,1,0
BRDA:1453,62,0,0
BRDA:1453,62,1,0
BRDA:1483,63,0,0
BRDA:1483,63,1,0
BRDA:1527,64,0,0
BRDA:1527,64,1,0
BRDA:1571,65,0,0
BRDA:1571,65,1,0
BRDA:1582,66,0,0
BRDA:1582,66,1,0
BRDA:1583,67,0,0
BRDA:1583,67,1,0
BRDA:1584,68,0,0
BRDA:1584,68,1,0
BRDA:1585,69,0,0
BRDA:1585,69,1,0
BRDA:1589,70,0,0
BRDA:1589,70,1,0
BRDA:1603,71,0,0
BRDA:1603,71,1,0
BRF:147
BRH:0
end_of_record
TN:
SF:src/components/EstimateWizardPro.jsx
FN:341,(anonymous_0)
FN:346,(anonymous_1)
FN:353,(anonymous_2)
FN:369,(anonymous_3)
FN:400,(anonymous_4)
FN:402,(anonymous_5)
FN:559,(anonymous_6)
FN:773,(anonymous_7)
FN:880,(anonymous_8)
FN:945,(anonymous_9)
FN:947,(anonymous_10)
FN:948,(anonymous_11)
FN:988,(anonymous_12)
FN:993,(anonymous_13)
FN:1012,(anonymous_14)
FN:1023,(anonymous_15)
FN:1054,(anonymous_16)
FN:1062,(anonymous_17)
FN:1064,(anonymous_18)
FN:1067,(anonymous_19)
FN:1073,(anonymous_20)
FN:1093,(anonymous_21)
FN:1094,(anonymous_22)
FN:1101,(anonymous_23)
FN:1161,(anonymous_24)
FN:1167,(anonymous_25)
FN:1179,(anonymous_26)
FN:1180,(anonymous_27)
FN:1202,(anonymous_28)
FN:1251,(anonymous_29)
FN:1271,(anonymous_30)
FN:1273,(anonymous_31)
FN:1278,(anonymous_32)
FN:1279,(anonymous_33)
FN:1283,(anonymous_34)
FN:1317,(anonymous_35)
FN:1347,(anonymous_36)
FN:1353,(anonymous_37)
FN:1394,(anonymous_38)
FN:1407,(anonymous_39)
FN:1418,(anonymous_40)
FN:1419,(anonymous_41)
FN:1450,(anonymous_42)
FN:1477,(anonymous_43)
FN:1490,(anonymous_44)
FN:1504,(anonymous_45)
FN:1535,(anonymous_46)
FN:1549,(anonymous_47)
FN:1580,(anonymous_48)
FN:1592,(anonymous_49)
FN:1616,(anonymous_50)
FN:1632,(anonymous_51)
FN:1650,(anonymous_52)
FN:1666,(anonymous_53)
FN:1684,(anonymous_54)
FN:1701,(anonymous_55)
FN:1711,(anonymous_56)
FN:1722,(anonymous_57)
FN:1737,(anonymous_58)
FN:1743,(anonymous_59)
FN:1747,(anonymous_60)
FN:1754,(anonymous_61)
FN:1755,(anonymous_62)
FN:1781,(anonymous_63)
FN:1784,(anonymous_64)
FN:1803,(anonymous_65)
FN:1810,(anonymous_66)
FN:1827,(anonymous_67)
FN:1904,(anonymous_68)
FN:1929,(anonymous_69)
FN:1942,(anonymous_70)
FN:2000,(anonymous_71)
FN:2001,(anonymous_72)
FN:2070,(anonymous_73)
FNF:74
FNH:0
FNDA:0,(anonymous_0)
FNDA:0,(anonymous_1)
FNDA:0,(anonymous_2)
FNDA:0,(anonymous_3)
FNDA:0,(anonymous_4)
FNDA:0,(anonymous_5)
FNDA:0,(anonymous_6)
FNDA:0,(anonymous_7)
FNDA:0,(anonymous_8)
FNDA:0,(anonymous_9)
FNDA:0,(anonymous_10)
FNDA:0,(anonymous_11)
FNDA:0,(anonymous_12)
FNDA:0,(anonymous_13)
FNDA:0,(anonymous_14)
FNDA:0,(anonymous_15)
FNDA:0,(anonymous_16)
FNDA:0,(anonymous_17)
FNDA:0,(anonymous_18)
FNDA:0,(anonymous_19)
FNDA:0,(anonymous_20)
FNDA:0,(anonymous_21)
FNDA:0,(anonymous_22)
FNDA:0,(anonymous_23)
FNDA:0,(anonymous_24)
FNDA:0,(anonymous_25)
FNDA:0,(anonymous_26)
FNDA:0,(anonymous_27)
FNDA:0,(anonymous_28)
FNDA:0,(anonymous_29)
FNDA:0,(anonymous_30)
FNDA:0,(anonymous_31)
FNDA:0,(anonymous_32)
FNDA:0,(anonymous_33)
FNDA:0,(anonymous_34)
FNDA:0,(anonymous_35)
FNDA:0,(anonymous_36)
FNDA:0,(anonymous_37)
FNDA:0,(anonymous_38)
FNDA:0,(anonymous_39)
FNDA:0,(anonymous_40)
FNDA:0,(anonymous_41)
FNDA:0,(anonymous_42)
FNDA:0,(anonymous_43)
FNDA:0,(anonymous_44)
FNDA:0,(anonymous_45)
FNDA:0,(anonymous_46)
FNDA:0,(anonymous_47)
FNDA:0,(anonymous_48)
FNDA:0,(anonymous_49)
FNDA:0,(anonymous_50)
FNDA:0,(anonymous_51)
FNDA:0,(anonymous_52)
FNDA:0,(anonymous_53)
FNDA:0,(anonymous_54)
FNDA:0,(anonymous_55)
FNDA:0,(anonymous_56)
FNDA:0,(anonymous_57)
FNDA:0,(anonymous_58)
FNDA:0,(anonymous_59)
FNDA:0,(anonymous_60)
FNDA:0,(anonymous_61)
FNDA:0,(anonymous_62)
FNDA:0,(anonymous_63)
FNDA:0,(anonymous_64)
FNDA:0,(anonymous_65)
FNDA:0,(anonymous_66)
FNDA:0,(anonymous_67)
FNDA:0,(anonymous_68)
FNDA:0,(anonymous_69)
FNDA:0,(anonymous_70)
FNDA:0,(anonymous_71)
FNDA:0,(anonymous_72)
FNDA:0,(anonymous_73)
DA:65,0
DA:68,0
DA:79,0
DA:90,0
DA:96,0
DA:236,0
DA:247,0
DA:273,0
DA:287,0
DA:297,0
DA:306,0
DA:320,0
DA:337,0
DA:342,0
DA:343,0
DA:344,0
DA:346,0
DA:354,0
DA:365,0
DA:369,0
DA:380,0
DA:395,0
DA:400,0
DA:402,0
DA:405,0
DA:420,0
DA:428,0
DA:442,0
DA:454,0
DA:459,0
DA:469,0
DA:495,0
DA:514,0
DA:531,0
DA:539,0
DA:546,0
DA:557,0
DA:559,0
DA:576,0
DA:582,0
DA:596,0
DA:601,0
DA:606,0
DA:631,0
DA:656,0
DA:681,0
DA:700,0
DA:707,0
DA:715,0
DA:736,0
DA:741,0
DA:748,0
DA:761,0
DA:774,0
DA:776,0
DA:786,0
DA:796,0
DA:806,0
DA:830,0
DA:841,0
DA:848,0
DA:855,0
DA:880,0
DA:883,0
DA:884,0
DA:887,0
DA:890,0
DA:899,0
DA:903,0
DA:906,0
DA:907,0
DA:908,0
DA:909,0
DA:912,0
DA:945,0
DA:946,0
DA:947,0
DA:948,0
DA:949,0
DA:956,0
DA:960,0
DA:988,0
DA:989,0
DA:990,0
DA:993,0
DA:994,0
DA:996,0
DA:998,0
DA:999,0
DA:1000,0
DA:1001,0
DA:1002,0
DA:1003,0
DA:1004,0
DA:1010,0
DA:1011,0
DA:1012,0
DA:1017,0
DA:1023,0
DA:1024,0
DA:1026,0
DA:1027,0
DA:1028,0
DA:1029,0
DA:1032,0
DA:1033,0
DA:1035,0
DA:1036,0
DA:1037,0
DA:1038,0
DA:1039,0
DA:1040,0
DA:1041,0
DA:1049,0
DA:1054,0
DA:1056,0
DA:1057,0
DA:1062,0
DA:1063,0
DA:1064,0
DA:1067,0
DA:1068,0
DA:1069,0
DA:1070,0
DA:1073,0
DA:1074,0
DA:1075,0
DA:1078,0
DA:1079,0
DA:1080,0
DA:1082,0
DA:1093,0
DA:1094,0
DA:1101,0
DA:1103,0
DA:1106,0
DA:1107,0
DA:1109,0
DA:1111,0
DA:1112,0
DA:1113,0
DA:1114,0
DA:1117,0
DA:1118,0
DA:1119,0
DA:1120,0
DA:1123,0
DA:1124,0
DA:1125,0
DA:1126,0
DA:1130,0
DA:1131,0
DA:1132,0
DA:1133,0
DA:1136,0
DA:1137,0
DA:1138,0
DA:1139,0
DA:1142,0
DA:1147,0
DA:1148,0
DA:1149,0
DA:1153,0
DA:1157,0
DA:1158,0
DA:1161,0
DA:1167,0
DA:1168,0
DA:1169,0
DA:1170,0
DA:1172,0
DA:1174,0
DA:1179,0
DA:1180,0
DA:1181,0
DA:1182,0
DA:1193,0
DA:1201,0
DA:1203,0
DA:1206,0
DA:1208,0
DA:1211,0
DA:1212,0
DA:1213,0
DA:1216,0
DA:1217,0
DA:1218,0
DA:1221,0
DA:1222,0
DA:1223,0
DA:1227,0
DA:1228,0
DA:1229,0
DA:1230,0
DA:1233,0
DA:1237,0
DA:1238,0
DA:1240,0
DA:1241,0
DA:1243,0
DA:1244,0
DA:1246,0
DA:1250,0
DA:1251,0
DA:1253,0
DA:1254,0
DA:1256,0
DA:1261,0
DA:1264,0
DA:1265,0
DA:1271,0
DA:1272,0
DA:1273,0
DA:1278,0
DA:1279,0
DA:1283,0
DA:1284,0
DA:1285,0
DA:1286,0
DA:1294,0
DA:1295,0
DA:1298,0
DA:1299,0
DA:1300,0
DA:1303,0
DA:1305,0
DA:1308,0
DA:1309,0
DA:1311,0
DA:1316,0
DA:1318,0
DA:1320,0
DA:1321,0
DA:1324,0
DA:1325,0
DA:1326,0
DA:1327,0
DA:1328,0
DA:1329,0
DA:1330,0
DA:1331,0
DA:1334,0
DA:1336,0
DA:1339,0
DA:1340,0
DA:1347,0
DA:1348,0
DA:1350,0
DA:1351,0
DA:1352,0
DA:1353,0
DA:1356,0
DA:1357,0
DA:1360,0
DA:1367,0
DA:1370,0
DA:1372,0
DA:1373,0
DA:1375,0
DA:1378,0
DA:1381,0
DA:1382,0
DA:1383,0
DA:1386,0
DA:1387,0
DA:1389,0
DA:1394,0
DA:1395,0
DA:1403,0
DA:1406,0
DA:1408,0
DA:1419,0
DA:1450,0
DA:1477,0
DA:1490,0
DA:1504,0
DA:1535,0
DA:1549,0
DA:1580,0
DA:1591,0
DA:1593,0
DA:1616,0
DA:1632,0
DA:1650,0
DA:1666,0
DA:1684,0
DA:1701,0
DA:1711,0
DA:1721,0
DA:1723,0
DA:1738,0
DA:1744,0
DA:1748,0
DA:1754,0
DA:1755,0
DA:1782,0
DA:1784,0
DA:1803,0
DA:1811,0
DA:1828,0
DA:1903,0
DA:1905,0
DA:1930,0
DA:1942,0
DA:2000,0
DA:2002,0
DA:2038,0
DA:2071,0
LF:308
LH:0
BRDA:342,0,0,0
BRDA:342,0,1,0
BRDA:343,1,0,0
BRDA:343,1,1,0
BRDA:346,2,0,0
BRDA:346,2,1,0
BRDA:346,3,0,0
BRDA:346,3,1,0
BRDA:354,4,0,0
BRDA:354,4,1,0
BRDA:354,5,0,0
BRDA:354,5,1,0
BRDA:369,6,0,0
BRDA:369,6,1,0
BRDA:369,7,0,0
BRDA:369,7,1,0
BRDA:559,8,0,0
BRDA:559,8,1,0
BRDA:774,9,0,0
BRDA:774,9,1,0
BRDA:774,9,2,0
BRDA:774,9,3,0
BRDA:880,10,0,0
BRDA:884,11,0,0
BRDA:884,11,1,0
BRDA:890,12,0,0
BRDA:890,12,1,0
BRDA:899,13,0,0
BRDA:899,13,1,0
BRDA:951,14,0,0
BRDA:951,14,1,0
BRDA:996,15,0,0
BRDA:996,15,1,0
BRDA:996,16,0,0
BRDA:996,16,1,0
BRDA:998,17,0,0
BRDA:998,17,1,0
BRDA:999,18,0,0
BRDA:999,18,1,0
BRDA:1001,19,0,0
BRDA:1001,19,1,0
BRDA:1001,20,0,0
BRDA:1001,20,1,0
BRDA:1004,21,0,0
BRDA:1004,21,1,0
BRDA:1026,22,0,0
BRDA:1026,22,1,0
BRDA:1026,23,0,0
BRDA:1026,23,1,0
BRDA:1033,24,0,0
BRDA:1033,24,1,0
BRDA:1037,25,0,0
BRDA:1037,25,1,0
BRDA:1037,26,0,0
BRDA:1037,26,1,0
BRDA:1039,27,0,0
BRDA:1039,27,1,0
BRDA:1040,28,0,0
BRDA:1040,28,1,0
BRDA:1044,29,0,0
BRDA:1044,29,1,0
BRDA:1064,30,0,0
BRDA:1064,30,1,0
BRDA:1068,31,0,0
BRDA:1068,31,1,0
BRDA:1069,32,0,0
BRDA:1069,32,1,0
BRDA:1074,33,0,0
BRDA:1074,33,1,0
BRDA:1078,34,0,0
BRDA:1078,34,1,0
BRDA:1080,35,0,0
BRDA:1080,35,1,0
BRDA:1103,36,0,0
BRDA:1103,36,1,0
BRDA:1109,37,0,0
BRDA:1109,37,1,0
BRDA:1109,37,2,0
BRDA:1109,37,3,0
BRDA:1109,37,4,0
BRDA:1109,37,5,0
BRDA:1109,37,6,0
BRDA:1109,37,7,0
BRDA:1153,38,0,0
BRDA:1153,38,1,0
BRDA:1157,39,0,0
BRDA:1157,39,1,0
BRDA:1169,40,0,0
BRDA:1169,40,1,0
BRDA:1181,41,0,0
BRDA:1181,41,1,0
BRDA:1186,42,0,0
BRDA:1186,42,1,0
BRDA:1188,43,0,0
BRDA:1188,43,1,0
BRDA:1188,44,0,0
BRDA:1188,44,1,0
BRDA:1208,45,0,0
BRDA:1208,45,1,0
BRDA:1208,45,2,0
BRDA:1208,45,3,0
BRDA:1212,46,0,0
BRDA:1212,46,1,0
BRDA:1217,47,0,0
BRDA:1217,47,1,0
BRDA:1222,48,0,0
BRDA:1222,48,1,0
BRDA:1227,49,0,0
BRDA:1227,49,1,0
BRDA:1229,50,0,0
BRDA:1229,50,1,0
BRDA:1237,51,0,0
BRDA:1237,51,1,0
BRDA:1240,52,0,0
BRDA:1240,52,1,0
BRDA:1243,53,0,0
BRDA:1243,53,1,0
BRDA:1251,54,0,0
BRDA:1251,54,1,0
BRDA:1253,55,0,0
BRDA:1253,55,1,0
BRDA:1272,56,0,0
BRDA:1272,56,1,0
BRDA:1290,57,0,0
BRDA:1290,57,1,0
BRDA:1294,58,0,0
BRDA:1294,58,1,0
BRDA:1294,59,0,0
BRDA:1294,59,1,0
BRDA:1295,60,0,0
BRDA:1295,60,1,0
BRDA:1300,61,0,0
BRDA:1300,61,1,0
BRDA:1320,62,0,0
BRDA:1320,62,1,0
BRDA:1320,63,0,0
BRDA:1320,63,1,0
BRDA:1324,64,0,0
BRDA:1324,64,1,0
BRDA:1326,65,0,0
BRDA:1326,65,1,0
BRDA:1331,66,0,0
BRDA:1331,66,1,0
BRDA:1348,67,0,0
BRDA:1348,67,1,0
BRDA:1353,68,0,0
BRDA:1353,68,1,0
BRDA:1356,69,0,0
BRDA:1356,69,1,0
BRDA:1367,70,0,0
BRDA:1367,70,1,0
BRDA:1372,71,0,0
BRDA:1372,71,1,0
BRDA:1378,72,0,0
BRDA:1378,72,1,0
BRDA:1382,73,0,0
BRDA:1382,73,1,0
BRDA:1387,74,0,0
BRDA:1387,74,1,0
BRDA:1399,75,0,0
BRDA:1399,75,1,0
BRDA:1414,76,0,0
BRDA:1414,76,1,0
BRDA:1421,77,0,0
BRDA:1421,77,1,0
BRDA:1452,78,0,0
BRDA:1452,78,1,0
BRDA:1454,79,0,0
BRDA:1454,79,1,0
BRDA:1506,80,0,0
BRDA:1506,80,1,0
BRDA:1508,81,0,0
BRDA:1508,81,1,0
BRDA:1551,82,0,0
BRDA:1551,82,1,0
BRDA:1553,83,0,0
BRDA:1553,83,1,0
BRDA:1618,84,0,0
BRDA:1618,84,1,0
BRDA:1620,85,0,0
BRDA:1620,85,1,0
BRDA:1651,86,0,0
BRDA:1651,86,1,0
BRDA:1653,87,0,0
BRDA:1653,87,1,0
BRDA:1667,88,0,0
BRDA:1667,88,1,0
BRDA:1669,89,0,0
BRDA:1669,89,1,0
BRDA:1753,90,0,0
BRDA:1753,90,1,0
BRDA:1780,91,0,0
BRDA:1780,91,1,0
BRDA:1782,92,0,0
BRDA:1782,92,1,0
BRDA:1796,93,0,0
BRDA:1796,93,1,0
BRDA:1797,94,0,0
BRDA:1797,94,1,0
BRDA:1798,95,0,0
BRDA:1798,95,1,0
BRDA:1802,96,0,0
BRDA:1802,96,1,0
BRDA:1809,97,0,0
BRDA:1809,97,1,0
BRDA:1814,98,0,0
BRDA:1814,98,1,0
BRDA:1826,99,0,0
BRDA:1826,99,1,0
BRDA:1831,100,0,0
BRDA:1831,100,1,0
BRDA:1844,101,0,0
BRDA:1844,101,1,0
BRDA:1845,102,0,0
BRDA:1845,102,1,0
BRDA:1857,103,0,0
BRDA:1857,103,1,0
BRDA:1874,104,0,0
BRDA:1874,104,1,0
BRDA:1930,105,0,0
BRDA:1930,105,1,0
BRDA:1960,106,0,0
BRDA:1960,106,1,0
BRDA:2000,107,0,0
BRDA:2000,107,1,0
BRDA:2006,108,0,0
BRDA:2006,108,1,0
BRDA:2044,109,0,0
BRDA:2044,109,1,0
BRDA:2061,110,0,0
BRDA:2061,110,1,0
BRDA:2076,111,0,0
BRDA:2076,111,1,0
BRDA:2087,112,0,0
BRDA:2087,112,1,0
BRDA:2088,113,0,0
BRDA:2088,113,1,0
BRDA:2089,114,0,0
BRDA:2089,114,1,0
BRDA:2090,115,0,0
BRDA:2090,115,1,0
BRDA:2094,116,0,0
BRDA:2094,116,1,0
BRDA:2108,117,0,0
BRDA:2108,117,1,0
BRF:245
BRH:0
end_of_record
TN:
SF:src/components/EstimateWizardTest.jsx
FN:79,(anonymous_0)
FN:203,(anonymous_1)
FN:208,(anonymous_2)
FN:214,(anonymous_3)
FN:224,(anonymous_4)
FN:234,(anonymous_5)
FN:277,(anonymous_6)
FN:282,(anonymous_7)
FN:292,(anonymous_8)
FNF:9
FNH:0
FNDA:0,(anonymous_0)
FNDA:0,(anonymous_1)
FNDA:0,(anonymous_2)
FNDA:0,(anonymous_3)
FNDA:0,(anonymous_4)
FNDA:0,(anonymous_5)
FNDA:0,(anonymous_6)
FNDA:0,(anonymous_7)
FNDA:0,(anonymous_8)
DA:13,0
DA:19,0
DA:30,0
DA:40,0
DA:46,0
DA:65,0
DA:80,0
DA:82,0
DA:92,0
DA:102,0
DA:112,0
DA:138,0
DA:158,0
DA:174,0
DA:191,0
DA:203,0
DA:204,0
DA:205,0
DA:206,0
DA:208,0
DA:209,0
DA:210,0
DA:211,0
DA:214,0
DA:215,0
DA:221,0
DA:224,0
DA:225,0
DA:231,0
DA:234,0
DA:235,0
DA:236,0
DA:239,0
DA:240,0
DA:251,0
DA:277,0
DA:282,0
DA:292,0
LF:38
LH:0
BRDA:80,0,0,0
BRDA:80,0,1,0
BRDA:80,0,2,0
BRDA:80,0,3,0
BRDA:208,1,0,0
BRDA:239,2,0,0
BRDA:239,2,1,0
BRDA:243,3,0,0
BRDA:243,3,1,0
BRDA:298,4,0,0
BRDA:298,4,1,0
BRDA:301,5,0,0
BRDA:301,5,1,0
BRDA:315,6,0,0
BRDA:315,6,1,0
BRDA:319,7,0,0
BRDA:319,7,1,0
BRDA:323,8,0,0
BRDA:323,8,1,0
BRDA:324,9,0,0
BRDA:324,9,1,0
BRDA:325,10,0,0
BRDA:325,10,1,0
BRDA:326,11,0,0
BRDA:326,11,1,0
BRDA:329,12,0,0
BRDA:329,12,1,0
BRDA:330,13,0,0
BRDA:330,13,1,0
BRDA:331,14,0,0
BRDA:331,14,1,0
BRDA:332,15,0,0
BRDA:332,15,1,0
BRDA:335,16,0,0
BRDA:335,16,1,0
BRDA:336,17,0,0
BRDA:336,17,1,0
BRDA:337,18,0,0
BRDA:337,18,1,0
BRDA:338,19,0,0
BRDA:338,19,1,0
BRDA:339,20,0,0
BRDA:339,20,1,0
BRDA:340,21,0,0
BRDA:340,21,1,0
BRDA:341,22,0,0
BRDA:341,22,1,0
BRDA:344,23,0,0
BRDA:344,23,1,0
BRDA:345,24,0,0
BRDA:345,24,1,0
BRDA:346,25,0,0
BRDA:346,25,1,0
BRDA:356,26,0,0
BRDA:356,26,1,0
BRF:55
BRH:0
end_of_record
TN:
SF:src/components/IntegrationTestPanel.jsx
FN:69,(anonymous_0)
FN:97,(anonymous_1)
FN:119,(anonymous_2)
FN:132,(anonymous_3)
FN:139,(anonymous_4)
FN:140,(anonymous_5)
FN:147,(anonymous_6)
FN:157,(anonymous_7)
FN:169,(anonymous_8)
FN:179,(anonymous_9)
FN:185,(anonymous_10)
FN:194,(anonymous_11)
FN:199,(anonymous_12)
FN:213,(anonymous_13)
FN:220,(anonymous_14)
FN:250,(anonymous_15)
FN:270,(anonymous_16)
FN:285,(anonymous_17)
FN:301,(anonymous_18)
FN:319,(anonymous_19)
FN:379,(anonymous_20)
FNF:21
FNH:0
FNDA:0,(anonymous_0)
FNDA:0,(anonymous_1)
FNDA:0,(anonymous_2)
FNDA:0,(anonymous_3)
FNDA:0,(anonymous_4)
FNDA:0,(anonymous_5)
FNDA:0,(anonymous_6)
FNDA:0,(anonymous_7)
FNDA:0,(anonymous_8)
FNDA:0,(anonymous_9)
FNDA:0,(anonymous_10)
FNDA:0,(anonymous_11)
FNDA:0,(anonymous_12)
FNDA:0,(anonymous_13)
FNDA:0,(anonymous_14)
FNDA:0,(anonymous_15)
FNDA:0,(anonymous_16)
FNDA:0,(anonymous_17)
FNDA:0,(anonymous_18)
FNDA:0,(anonymous_19)
FNDA:0,(anonymous_20)
DA:14,0
DA:22,0
DA:30,0
DA:36,0
DA:42,0
DA:50,0
DA:58,0
DA:65,0
DA:70,0
DA:71,0
DA:72,0
DA:73,0
DA:77,0
DA:85,0
DA:96,0
DA:97,0
DA:119,0
DA:120,0
DA:122,0
DA:124,0
DA:126,0
DA:128,0
DA:132,0
DA:133,0
DA:134,0
DA:135,0
DA:136,0
DA:139,0
DA:140,0
DA:145,0
DA:146,0
DA:147,0
DA:157,0
DA:169,0
DA:170,0
DA:171,0
DA:172,0
DA:174,0
DA:179,0
DA:180,0
DA:181,0
DA:185,0
DA:186,0
DA:187,0
DA:188,0
DA:190,0
DA:194,0
DA:195,0
DA:199,0
DA:200,0
DA:201,0
DA:203,0
DA:210,0
DA:211,0
DA:213,0
DA:216,0
DA:220,0
DA:221,0
DA:223,0
DA:229,0
DA:231,0
DA:250,0
DA:270,0
DA:285,0
DA:301,0
DA:319,0
DA:380,0
LF:67
LH:0
BRDA:70,0,0,0
BRDA:70,0,1,0
BRDA:71,1,0,0
BRDA:71,1,1,0
BRDA:72,2,0,0
BRDA:72,2,1,0
BRDA:97,3,0,0
BRDA:97,3,1,0
BRDA:120,4,0,0
BRDA:120,4,1,0
BRDA:120,4,2,0
BRDA:120,4,3,0
BRDA:150,5,0,0
BRDA:150,5,1,0
BRDA:151,6,0,0
BRDA:151,6,1,0
BRDA:152,7,0,0
BRDA:152,7,1,0
BRDA:187,8,0,0
BRDA:187,8,1,0
BRDA:221,9,0,0
BRDA:221,9,1,0
BRDA:255,10,0,0
BRDA:255,10,1,0
BRDA:273,11,0,0
BRDA:273,11,1,0
BRDA:289,12,0,0
BRDA:289,12,1,0
BRDA:305,13,0,0
BRDA:305,13,1,0
BRDA:322,14,0,0
BRDA:322,14,1,0
BRDA:332,15,0,0
BRDA:332,15,1,0
BRDA:337,16,0,0
BRDA:337,16,1,0
BRDA:340,17,0,0
BRDA:340,17,1,0
BRDA:351,18,0,0
BRDA:351,18,1,0
BRDA:362,19,0,0
BRDA:362,19,1,0
BRF:42
BRH:0
end_of_record
TN:
SF:src/components/ItemsTable.jsx
FN:34,(anonymous_0)
FN:47,(anonymous_1)
FN:52,(anonymous_2)
FN:53,(anonymous_3)
FN:56,(anonymous_4)
FN:81,(anonymous_5)
FN:145,(anonymous_6)
FN:150,(anonymous_7)
FN:157,(anonymous_8)
FN:162,(anonymous_9)
FN:193,(anonymous_10)
FN:196,(anonymous_11)
FN:204,(anonymous_12)
FN:213,(anonymous_13)
FN:224,(anonymous_14)
FN:230,(anonymous_15)
FN:255,(anonymous_16)
FN:256,(anonymous_17)
FN:262,(anonymous_18)
FN:267,(anonymous_19)
FN:291,(anonymous_20)
FN:292,(anonymous_21)
FN:293,(anonymous_22)
FN:298,(anonymous_23)
FN:314,(anonymous_24)
FN:315,(anonymous_25)
FN:316,(anonymous_26)
FN:321,(anonymous_27)
FN:342,(anonymous_28)
FN:343,(anonymous_29)
FN:346,(anonymous_30)
FN:351,(anonymous_31)
FN:373,(anonymous_32)
FN:376,(anonymous_33)
FN:382,(anonymous_34)
FN:387,(anonymous_35)
FN:405,(anonymous_36)
FN:413,(anonymous_37)
FN:416,(anonymous_38)
FN:420,(anonymous_39)
FN:430,(anonymous_40)
FN:437,(anonymous_41)
FN:439,(anonymous_42)
FN:440,(anonymous_43)
FN:472,(anonymous_44)
FNF:45
FNH:0
FNDA:0,(anonymous_0)
FNDA:0,(anonymous_1)
FNDA:0,(anonymous_2)
FNDA:0,(anonymous_3)
FNDA:0,(anonymous_4)
FNDA:0,(anonymous_5)
FNDA:0,(anonymous_6)
FNDA:0,(anonymous_7)
FNDA:0,(anonymous_8)
FNDA:0,(anonymous_9)
FNDA:0,(anonymous_10)
FNDA:0,(anonymous_11)
FNDA:0,(anonymous_12)
FNDA:0,(anonymous_13)
FNDA:0,(anonymous_14)
FNDA:0,(anonymous_15)
FNDA:0,(anonymous_16)
FNDA:0,(anonymous_17)
FNDA:0,(anonymous_18)
FNDA:0,(anonymous_19)
FNDA:0,(anonymous_20)
FNDA:0,(anonymous_21)
FNDA:0,(anonymous_22)
FNDA:0,(anonymous_23)
FNDA:0,(anonymous_24)
FNDA:0,(anonymous_25)
FNDA:0,(anonymous_26)
FNDA:0,(anonymous_27)
FNDA:0,(anonymous_28)
FNDA:0,(anonymous_29)
FNDA:0,(anonymous_30)
FNDA:0,(anonymous_31)
FNDA:0,(anonymous_32)
FNDA:0,(anonymous_33)
FNDA:0,(anonymous_34)
FNDA:0,(anonymous_35)
FNDA:0,(anonymous_36)
FNDA:0,(anonymous_37)
FNDA:0,(anonymous_38)
FNDA:0,(anonymous_39)
FNDA:0,(anonymous_40)
FNDA:0,(anonymous_41)
FNDA:0,(anonymous_42)
FNDA:0,(anonymous_43)
FNDA:0,(anonymous_44)
DA:12,0
DA:22,0
DA:31,0
DA:34,0
DA:38,0
DA:43,0
DA:48,0
DA:49,0
DA:50,0
DA:52,0
DA:53,0
DA:57,0
DA:58,0
DA:63,0
DA:76,0
DA:81,0
DA:88,0
DA:102,0
DA:118,0
DA:122,0
DA:134,0
DA:142,0
DA:145,0
DA:148,0
DA:150,0
DA:151,0
DA:152,0
DA:153,0
DA:155,0
DA:158,0
DA:163,0
DA:164,0
DA:166,0
DA:167,0
DA:169,0
DA:170,0
DA:173,0
DA:174,0
DA:175,0
DA:176,0
DA:178,0
DA:179,0
DA:182,0
DA:183,0
DA:186,0
DA:187,0
DA:191,0
DA:194,0
DA:196,0
DA:201,0
DA:204,0
DA:205,0
DA:206,0
DA:208,0
DA:209,0
DA:213,0
DA:214,0
DA:215,0
DA:216,0
DA:217,0
DA:218,0
DA:219,0
DA:224,0
DA:225,0
DA:226,0
DA:230,0
DA:231,0
DA:232,0
DA:233,0
DA:234,0
DA:237,0
DA:255,0
DA:257,0
DA:262,0
DA:268,0
DA:269,0
DA:291,0
DA:292,0
DA:293,0
DA:299,0
DA:300,0
DA:314,0
DA:315,0
DA:316,0
DA:322,0
DA:323,0
DA:342,0
DA:344,0
DA:346,0
DA:352,0
DA:353,0
DA:374,0
DA:377,0
DA:382,0
DA:388,0
DA:389,0
DA:405,0
DA:413,0
DA:414,0
DA:416,0
DA:417,0
DA:420,0
DA:421,0
DA:422,0
DA:424,0
DA:425,0
DA:427,0
DA:430,0
DA:431,0
DA:432,0
DA:437,0
DA:438,0
DA:439,0
DA:441,0
DA:442,0
DA:443,0
DA:444,0
DA:447,0
DA:454,0
DA:456,0
DA:473,0
LF:121
LH:0
BRDA:34,0,0,0
BRDA:34,0,1,0
BRDA:48,1,0,0
BRDA:48,1,1,0
BRDA:49,2,0,0
BRDA:49,2,1,0
BRDA:52,3,0,0
BRDA:52,3,1,0
BRDA:53,4,0,0
BRDA:53,4,1,0
BRDA:57,5,0,0
BRDA:57,5,1,0
BRDA:81,6,0,0
BRDA:81,6,1,0
BRDA:145,7,0,0
BRDA:145,7,1,0
BRDA:163,8,0,0
BRDA:163,8,1,0
BRDA:169,9,0,0
BRDA:169,9,1,0
BRDA:178,10,0,0
BRDA:178,10,1,0
BRDA:178,11,0,0
BRDA:178,11,1,0
BRDA:182,12,0,0
BRDA:182,12,1,0
BRDA:182,13,0,0
BRDA:182,13,1,0
BRDA:205,14,0,0
BRDA:205,14,1,0
BRDA:214,15,0,0
BRDA:214,15,1,0
BRDA:216,16,0,0
BRDA:216,16,1,0
BRDA:217,17,0,0
BRDA:217,17,1,0
BRDA:225,18,0,0
BRDA:225,18,1,0
BRDA:225,19,0,0
BRDA:225,19,1,0
BRDA:231,20,0,0
BRDA:231,20,1,0
BRDA:232,21,0,0
BRDA:232,21,1,0
BRDA:233,22,0,0
BRDA:233,22,1,0
BRDA:252,23,0,0
BRDA:252,23,1,0
BRDA:254,24,0,0
BRDA:254,24,1,0
BRDA:259,25,0,0
BRDA:259,25,1,0
BRDA:272,26,0,0
BRDA:272,26,1,0
BRDA:273,27,0,0
BRDA:273,27,1,0
BRDA:276,28,0,0
BRDA:276,28,1,0
BRDA:283,29,0,0
BRDA:283,29,1,0
BRDA:284,30,0,0
BRDA:284,30,1,0
BRDA:289,31,0,0
BRDA:289,31,1,0
BRDA:289,32,0,0
BRDA:289,32,1,0
BRDA:292,33,0,0
BRDA:292,33,1,0
BRDA:303,34,0,0
BRDA:303,34,1,0
BRDA:310,35,0,0
BRDA:310,35,1,0
BRDA:311,36,0,0
BRDA:311,36,1,0
BRDA:313,37,0,0
BRDA:313,37,1,0
BRDA:313,38,0,0
BRDA:313,38,1,0
BRDA:315,39,0,0
BRDA:315,39,1,0
BRDA:326,40,0,0
BRDA:326,40,1,0
BRDA:333,41,0,0
BRDA:333,41,1,0
BRDA:334,42,0,0
BRDA:334,42,1,0
BRDA:338,43,0,0
BRDA:338,43,1,0
BRDA:340,44,0,0
BRDA:340,44,1,0
BRDA:344,45,0,0
BRDA:344,45,1,0
BRDA:364,46,0,0
BRDA:364,46,1,0
BRDA:365,47,0,0
BRDA:365,47,1,0
BRDA:369,48,0,0
BRDA:369,48,1,0
BRDA:371,49,0,0
BRDA:371,49,1,0
BRDA:379,50,0,0
BRDA:379,50,1,0
BRDA:400,51,0,0
BRDA:400,51,1,0
BRDA:413,52,0,0
BRDA:431,53,0,0
BRDA:431,53,1,0
BRDA:441,54,0,0
BRDA:441,54,1,0
BRDA:442,55,0,0
BRDA:442,55,1,0
BRDA:443,56,0,0
BRDA:443,56,1,0
BRDA:449,57,0,0
BRDA:449,57,1,0
BRDA:450,58,0,0
BRDA:450,58,1,0
BRDA:496,59,0,0
BRDA:496,59,1,0
BRF:119
BRH:0
end_of_record
TN:
SF:src/components/MobileOptimization.jsx
FN:10,(anonymous_0)
FN:22,(anonymous_1)
FN:23,(anonymous_2)
FN:46,(anonymous_3)
FN:56,(anonymous_4)
FN:68,(anonymous_5)
FN:78,(anonymous_6)
FN:82,(anonymous_7)
FN:112,(anonymous_8)
FN:123,(anonymous_9)
FN:125,(anonymous_10)
FN:130,(anonymous_11)
FN:134,(anonymous_12)
FN:149,(anonymous_13)
FN:155,(anonymous_14)
FN:158,(anonymous_15)
FN:170,(anonymous_16)
FN:177,(anonymous_17)
FN:200,(anonymous_18)
FN:210,(anonymous_19)
FN:249,(anonymous_20)
FN:262,(anonymous_21)
FN:265,(anonymous_22)
FN:277,(anonymous_23)
FN:282,(anonymous_24)
FN:286,(anonymous_25)
FN:298,(anonymous_26)
FN:328,(anonymous_27)
FN:366,(anonymous_28)
FN:382,(anonymous_29)
FN:385,(anonymous_30)
FN:410,(anonymous_31)
FN:424,(anonymous_32)
FN:437,(anonymous_33)
FN:450,(anonymous_34)
FN:461,(anonymous_35)
FN:478,(anonymous_36)
FN:486,(anonymous_37)
FN:497,(anonymous_38)
FN:510,(anonymous_39)
FN:515,(anonymous_40)
FN:523,(anonymous_41)
FN:524,(anonymous_42)
FN:533,(anonymous_43)
FN:562,(anonymous_44)
FN:576,(anonymous_45)
FN:585,(anonymous_46)
FN:592,(anonymous_47)
FN:608,(anonymous_48)
FNF:49
FNH:0
FNDA:0,(anonymous_0)
FNDA:0,(anonymous_1)
FNDA:0,(anonymous_2)
FNDA:0,(anonymous_3)
FNDA:0,(anonymous_4)
FNDA:0,(anonymous_5)
FNDA:0,(anonymous_6)
FNDA:0,(anonymous_7)
FNDA:0,(anonymous_8)
FNDA:0,(anonymous_9)
FNDA:0,(anonymous_10)
FNDA:0,(anonymous_11)
FNDA:0,(anonymous_12)
FNDA:0,(anonymous_13)
FNDA:0,(anonymous_14)
FNDA:0,(anonymous_15)
FNDA:0,(anonymous_16)
FNDA:0,(anonymous_17)
FNDA:0,(anonymous_18)
FNDA:0,(anonymous_19)
FNDA:0,(anonymous_20)
FNDA:0,(anonymous_21)
FNDA:0,(anonymous_22)
FNDA:0,(anonymous_23)
FNDA:0,(anonymous_24)
FNDA:0,(anonymous_25)
FNDA:0,(anonymous_26)
FNDA:0,(anonymous_27)
FNDA:0,(anonymous_28)
FNDA:0,(anonymous_29)
FNDA:0,(anonymous_30)
FNDA:0,(anonymous_31)
FNDA:0,(anonymous_32)
FNDA:0,(anonymous_33)
FNDA:0,(anonymous_34)
FNDA:0,(anonymous_35)
FNDA:0,(anonymous_36)
FNDA:0,(anonymous_37)
FNDA:0,(anonymous_38)
FNDA:0,(anonymous_39)
FNDA:0,(anonymous_40)
FNDA:0,(anonymous_41)
FNDA:0,(anonymous_42)
FNDA:0,(anonymous_43)
FNDA:0,(anonymous_44)
FNDA:0,(anonymous_45)
FNDA:0,(anonymous_46)
FNDA:0,(anonymous_47)
FNDA:0,(anonymous_48)
DA:10,0
DA:11,0
DA:22,0
DA:23,0
DA:24,0
DA:25,0
DA:26,0
DA:28,0
DA:42,0
DA:43,0
DA:44,0
DA:46,0
DA:47,0
DA:48,0
DA:52,0
DA:56,0
DA:65,0
DA:66,0
DA:68,0
DA:69,0
DA:70,0
DA:72,0
DA:73,0
DA:78,0
DA:79,0
DA:82,0
DA:83,0
DA:84,0
DA:85,0
DA:87,0
DA:90,0
DA:112,0
DA:119,0
DA:120,0
DA:121,0
DA:123,0
DA:124,0
DA:125,0
DA:126,0
DA:130,0
DA:131,0
DA:134,0
DA:136,0
DA:137,0
DA:139,0
DA:142,0
DA:149,0
DA:156,0
DA:158,0
DA:170,0
DA:175,0
DA:177,0
DA:178,0
DA:181,0
DA:182,0
DA:185,0
DA:188,0
DA:200,0
DA:207,0
DA:210,0
DA:211,0
DA:213,0
DA:215,0
DA:217,0
DA:219,0
DA:221,0
DA:225,0
DA:249,0
DA:254,0
DA:256,0
DA:257,0
DA:260,0
DA:263,0
DA:265,0
DA:277,0
DA:278,0
DA:279,0
DA:280,0
DA:282,0
DA:283,0
DA:286,0
DA:287,0
DA:289,0
DA:290,0
DA:292,0
DA:293,0
DA:294,0
DA:298,0
DA:299,0
DA:300,0
DA:303,0
DA:304,0
DA:307,0
DA:328,0
DA:329,0
DA:331,0
DA:335,0
DA:343,0
DA:344,0
DA:346,0
DA:367,0
DA:369,0
DA:373,0
DA:382,0
DA:386,0
DA:388,0
DA:395,0
DA:401,0
DA:410,0
DA:422,0
DA:424,0
DA:429,0
DA:437,0
DA:449,0
DA:450,0
DA:455,0
DA:461,0
DA:477,0
DA:478,0
DA:483,0
DA:486,0
DA:491,0
DA:497,0
DA:502,0
DA:507,0
DA:510,0
DA:515,0
DA:523,0
DA:524,0
DA:528,0
DA:533,0
DA:538,0
DA:551,0
DA:562,0
DA:565,0
DA:570,0
DA:575,0
DA:576,0
DA:580,0
DA:585,0
DA:589,0
DA:592,0
DA:600,0
DA:606,0
DA:608,0
LF:145
LH:0
BRDA:30,0,0,0
BRDA:30,0,1,0
BRDA:34,1,0,0
BRDA:34,1,1,0
BRDA:36,2,0,0
BRDA:36,2,1,0
BRDA:37,3,0,0
BRDA:37,3,1,0
BRDA:38,4,0,0
BRDA:38,4,1,0
BRDA:59,5,0,0
BRDA:60,6,0,0
BRDA:61,7,0,0
BRDA:62,8,0,0
BRDA:69,9,0,0
BRDA:69,9,1,0
BRDA:72,10,0,0
BRDA:72,10,1,0
BRDA:72,11,0,0
BRDA:72,11,1,0
BRDA:83,12,0,0
BRDA:83,12,1,0
BRDA:116,13,0,0
BRDA:117,14,0,0
BRDA:124,15,0,0
BRDA:124,15,1,0
BRDA:136,16,0,0
BRDA:136,16,1,0
BRDA:136,17,0,0
BRDA:136,17,1,0
BRDA:144,18,0,0
BRDA:144,18,1,0
BRDA:157,19,0,0
BRDA:157,19,1,0
BRDA:173,20,0,0
BRDA:181,21,0,0
BRDA:181,21,1,0
BRDA:181,22,0,0
BRDA:181,22,1,0
BRDA:191,23,0,0
BRDA:191,23,1,0
BRDA:201,24,0,0
BRDA:204,25,0,0
BRDA:211,26,0,0
BRDA:211,26,1,0
BRDA:213,27,0,0
BRDA:213,27,1,0
BRDA:213,27,2,0
BRDA:213,27,3,0
BRDA:227,28,0,0
BRDA:227,28,1,0
BRDA:230,29,0,0
BRDA:230,29,1,0
BRDA:239,30,0,0
BRDA:239,30,1,0
BRDA:256,31,0,0
BRDA:256,31,1,0
BRDA:264,32,0,0
BRDA:264,32,1,0
BRDA:268,33,0,0
BRDA:268,33,1,0
BRDA:287,34,0,0
BRDA:287,34,1,0
BRDA:292,35,0,0
BRDA:292,35,1,0
BRDA:299,36,0,0
BRDA:299,36,1,0
BRDA:299,37,0,0
BRDA:299,37,1,0
BRDA:319,38,0,0
BRDA:319,38,1,0
BRDA:328,39,0,0
BRDA:331,40,0,0
BRDA:331,40,1,0
BRDA:332,41,0,0
BRDA:332,41,1,0
BRDA:367,42,0,0
BRDA:367,42,1,0
BRDA:368,43,0,0
BRDA:368,43,1,0
BRDA:369,44,0,0
BRDA:369,44,1,0
BRDA:370,45,0,0
BRDA:370,45,1,0
BRDA:371,46,0,0
BRDA:371,46,1,0
BRDA:375,47,0,0
BRDA:375,47,1,0
BRDA:376,48,0,0
BRDA:376,48,1,0
BRDA:377,49,0,0
BRDA:377,49,1,0
BRDA:378,50,0,0
BRDA:378,50,1,0
BRDA:382,51,0,0
BRDA:382,51,1,0
BRDA:386,52,0,0
BRDA:386,52,1,0
BRDA:386,52,2,0
BRDA:410,53,0,0
BRDA:410,53,1,0
BRDA:410,53,2,0
BRDA:424,54,0,0
BRDA:424,54,1,0
BRDA:437,55,0,0
BRDA:437,55,1,0
BRDA:450,56,0,0
BRDA:450,56,1,0
BRDA:461,57,0,0
BRDA:461,57,1,0
BRDA:478,58,0,0
BRDA:478,58,1,0
BRDA:486,59,0,0
BRDA:486,59,1,0
BRDA:497,60,0,0
BRDA:497,60,1,0
BRDA:510,61,0,0
BRDA:510,61,1,0
BRDA:515,62,0,0
BRDA:515,62,1,0
BRDA:523,63,0,0
BRDA:523,63,1,0
BRDA:524,64,0,0
BRDA:524,64,1,0
BRDA:533,65,0,0
BRDA:533,65,1,0
BRDA:562,66,0,0
BRDA:562,66,1,0
BRDA:585,67,0,0
BRDA:585,67,1,0
BRDA:592,68,0,0
BRDA:592,68,1,0
BRF:132
BRH:0
end_of_record
TN:
SF:src/components/MobileTestPage.jsx
FN:85,(anonymous_0)
FN:156,(anonymous_1)
FN:160,(anonymous_2)
FN:166,(anonymous_3)
FN:171,(anonymous_4)
FN:178,(anonymous_5)
FN:179,(anonymous_6)
FN:226,(anonymous_7)
FN:231,(anonymous_8)
FNF:9
FNH:0
FNDA:0,(anonymous_0)
FNDA:0,(anonymous_1)
FNDA:0,(anonymous_2)
FNDA:0,(anonymous_3)
FNDA:0,(anonymous_4)
FNDA:0,(anonymous_5)
FNDA:0,(anonymous_6)
FNDA:0,(anonymous_7)
FNDA:0,(anonymous_8)
DA:12,0
DA:22,0
DA:38,0
DA:53,0
DA:71,0
DA:86,0
DA:88,0
DA:98,0
DA:108,0
DA:118,0
DA:137,0
DA:156,0
DA:157,0
DA:158,0
DA:160,0
DA:161,0
DA:162,0
DA:163,0
DA:166,0
DA:167,0
DA:168,0
DA:171,0
DA:172,0
DA:173,0
DA:174,0
DA:178,0
DA:179,0
DA:182,0
DA:183,0
DA:192,0
DA:193,0
DA:196,0
DA:226,0
DA:231,0
LF:34
LH:0
BRDA:86,0,0,0
BRDA:86,0,1,0
BRDA:86,0,2,0
BRDA:86,0,3,0
BRDA:179,1,0,0
BRDA:179,1,1,0
BRDA:182,2,0,0
BRDA:182,2,1,0
BRDA:192,3,0,0
BRDA:192,3,1,0
BRDA:237,4,0,0
BRDA:237,4,1,0
BRDA:238,5,0,0
BRDA:238,5,1,0
BRF:14
BRH:0
end_of_record
TN:
SF:src/components/MockAuthProvider.jsx
FN:13,(anonymous_0)
FN:22,(anonymous_1)
FN:44,(anonymous_2)
FN:48,(anonymous_3)
FN:52,(anonymous_4)
FN:56,(anonymous_5)
FN:60,(anonymous_6)
FNF:7
FNH:0
FNDA:0,(anonymous_0)
FNDA:0,(anonymous_1)
FNDA:0,(anonymous_2)
FNDA:0,(anonymous_3)
FNDA:0,(anonymous_4)
FNDA:0,(anonymous_5)
FNDA:0,(anonymous_6)
DA:10,0
DA:13,0
DA:14,0
DA:15,0
DA:16,0
DA:18,0
DA:22,0
DA:24,0
DA:35,0
DA:43,0
DA:45,0
DA:46,0
DA:49,0
DA:50,0
DA:53,0
DA:54,0
DA:57,0
DA:58,0
DA:61,0
DA:62,0
DA:67,0
DA:72,0
LF:22
LH:0
BRDA:15,0,0,0
BRDA:15,0,1,0
BRF:2
BRH:0
end_of_record
TN:
SF:src/components/PDFGenerator.js
FN:27,(anonymous_0)
FNF:1
FNH:0
FNDA:0,(anonymous_0)
DA:5,0
DA:11,0
DA:18,0
DA:27,0
DA:28,0
LF:5
LH:0
BRF:0
BRH:0
end_of_record
TN:
SF:src/components/PDFGenerator.jsx
FN:315,(anonymous_0)
FN:332,(anonymous_1)
FN:349,(anonymous_2)
FN:365,(anonymous_3)
FN:409,(anonymous_4)
FN:417,(anonymous_5)
FN:425,(anonymous_6)
FN:448,(anonymous_7)
FN:475,(anonymous_8)
FN:478,(anonymous_9)
FN:479,(anonymous_10)
FN:509,(anonymous_11)
FN:560,(anonymous_12)
FN:561,(anonymous_13)
FN:568,(anonymous_14)
FN:598,(anonymous_15)
FN:612,(anonymous_16)
FN:623,(anonymous_17)
FN:647,(anonymous_18)
FN:670,(anonymous_19)
FN:752,(anonymous_20)
FN:779,(anonymous_21)
FN:788,(anonymous_22)
FN:794,(anonymous_23)
FN:807,(anonymous_24)
FN:817,(anonymous_25)
FN:856,(anonymous_26)
FN:866,(anonymous_27)
FN:876,(anonymous_28)
FN:886,(anonymous_29)
FN:896,(anonymous_30)
FN:901,(anonymous_31)
FN:918,(anonymous_32)
FN:923,(anonymous_33)
FNF:34
FNH:0
FNDA:0,(anonymous_0)
FNDA:0,(anonymous_1)
FNDA:0,(anonymous_2)
FNDA:0,(anonymous_3)
FNDA:0,(anonymous_4)
FNDA:0,(anonymous_5)
FNDA:0,(anonymous_6)
FNDA:0,(anonymous_7)
FNDA:0,(anonymous_8)
FNDA:0,(anonymous_9)
FNDA:0,(anonymous_10)
FNDA:0,(anonymous_11)
FNDA:0,(anonymous_12)
FNDA:0,(anonymous_13)
FNDA:0,(anonymous_14)
FNDA:0,(anonymous_15)
FNDA:0,(anonymous_16)
FNDA:0,(anonymous_17)
FNDA:0,(anonymous_18)
FNDA:0,(anonymous_19)
FNDA:0,(anonymous_20)
FNDA:0,(anonymous_21)
FNDA:0,(anonymous_22)
FNDA:0,(anonymous_23)
FNDA:0,(anonymous_24)
FNDA:0,(anonymous_25)
FNDA:0,(anonymous_26)
FNDA:0,(anonymous_27)
FNDA:0,(anonymous_28)
FNDA:0,(anonymous_29)
FNDA:0,(anonymous_30)
FNDA:0,(anonymous_31)
FNDA:0,(anonymous_32)
FNDA:0,(anonymous_33)
DA:38,0
DA:55,0
DA:71,0
DA:88,0
DA:99,0
DA:103,0
DA:114,0
DA:121,0
DA:125,0
DA:135,0
DA:147,0
DA:158,0
DA:165,0
DA:185,0
DA:206,0
DA:232,0
DA:244,0
DA:257,0
DA:261,0
DA:269,0
DA:282,0
DA:294,0
DA:316,0
DA:333,0
DA:350,0
DA:366,0
DA:395,0
DA:410,0
DA:418,0
DA:426,0
DA:435,0
DA:444,0
DA:448,0
DA:452,0
DA:460,0
DA:475,0
DA:484,0
DA:485,0
DA:486,0
DA:487,0
DA:488,0
DA:504,0
DA:505,0
DA:506,0
DA:509,0
DA:510,0
DA:511,0
DA:516,0
DA:560,0
DA:561,0
DA:567,0
DA:569,0
DA:570,0
DA:571,0
DA:575,0
DA:579,0
DA:580,0
DA:584,0
DA:588,0
DA:589,0
DA:590,0
DA:594,0
DA:597,0
DA:598,0
DA:599,0
DA:600,0
DA:601,0
DA:606,0
DA:612,0
DA:613,0
DA:618,0
DA:623,0
DA:624,0
DA:625,0
DA:626,0
DA:628,0
DA:630,0
DA:631,0
DA:632,0
DA:636,0
DA:637,0
DA:642,0
DA:644,0
DA:647,0
DA:648,0
DA:652,0
DA:660,0
DA:664,0
DA:666,0
DA:669,0
DA:671,0
DA:672,0
DA:676,0
DA:677,0
DA:683,0
DA:686,0
DA:687,0
DA:688,0
DA:690,0
DA:700,0
DA:702,0
DA:709,0
DA:714,0
DA:715,0
DA:717,0
DA:718,0
DA:720,0
DA:721,0
DA:722,0
DA:723,0
DA:724,0
DA:725,0
DA:726,0
DA:727,0
DA:728,0
DA:729,0
DA:732,0
DA:736,0
DA:738,0
DA:739,0
DA:752,0
DA:753,0
DA:755,0
DA:756,0
DA:758,0
DA:764,0
DA:769,0
DA:770,0
DA:775,0
DA:779,0
DA:780,0
DA:781,0
DA:782,0
DA:783,0
DA:784,0
DA:786,0
DA:787,0
DA:788,0
DA:789,0
DA:794,0
DA:795,0
DA:799,0
DA:800,0
DA:807,0
DA:808,0
DA:809,0
DA:810,0
DA:811,0
DA:812,0
DA:814,0
DA:817,0
DA:818,0
DA:822,0
DA:823,0
DA:830,0
DA:856,0
DA:866,0
DA:876,0
DA:886,0
DA:896,0
DA:901,0
DA:918,0
DA:923,0
LF:163
LH:0
BRDA:316,0,0,0
BRDA:316,0,1,0
BRDA:333,1,0,0
BRDA:333,1,1,0
BRDA:350,2,0,0
BRDA:350,2,1,0
BRDA:366,3,0,0
BRDA:366,3,1,0
BRDA:410,4,0,0
BRDA:410,4,1,0
BRDA:418,5,0,0
BRDA:418,5,1,0
BRDA:426,6,0,0
BRDA:426,6,1,0
BRDA:476,7,0,0
BRDA:477,8,0,0
BRDA:478,9,0,0
BRDA:479,10,0,0
BRDA:480,11,0,0
BRDA:481,12,0,0
BRDA:510,13,0,0
BRDA:510,13,1,0
BRDA:570,14,0,0
BRDA:570,14,1,0
BRDA:579,15,0,0
BRDA:579,15,1,0
BRDA:589,16,0,0
BRDA:589,16,1,0
BRDA:603,17,0,0
BRDA:603,17,1,0
BRDA:630,18,0,0
BRDA:630,18,1,0
BRDA:631,19,0,0
BRDA:631,19,1,0
BRDA:631,20,0,0
BRDA:631,20,1,0
BRDA:631,20,2,0
BRDA:636,21,0,0
BRDA:636,21,1,0
BRDA:636,22,0,0
BRDA:636,22,1,0
BRDA:642,23,0,0
BRDA:642,23,1,0
BRDA:642,24,0,0
BRDA:642,24,1,0
BRDA:664,25,0,0
BRDA:664,25,1,0
BRDA:686,26,0,0
BRDA:686,26,1,0
BRDA:686,27,0,0
BRDA:686,27,1,0
BRDA:700,28,0,0
BRDA:700,28,1,0
BRDA:720,29,0,0
BRDA:720,29,1,0
BRDA:722,30,0,0
BRDA:722,30,1,0
BRDA:724,31,0,0
BRDA:724,31,1,0
BRDA:726,32,0,0
BRDA:726,32,1,0
BRDA:728,33,0,0
BRDA:728,33,1,0
BRDA:756,34,0,0
BRDA:756,34,1,0
BRDA:782,35,0,0
BRDA:782,35,1,0
BRDA:787,36,0,0
BRDA:787,36,1,0
BRDA:810,37,0,0
BRDA:810,37,1,0
BRDA:838,38,0,0
BRDA:838,38,1,0
BRDA:909,39,0,0
BRDA:909,39,1,0
BRDA:931,40,0,0
BRDA:931,40,1,0
BRDA:953,41,0,0
BRDA:953,41,1,0
BRDA:954,42,0,0
BRDA:954,42,1,0
BRDA:964,43,0,0
BRDA:964,43,1,0
BRDA:964,43,2,0
BRDA:971,44,0,0
BRDA:971,44,1,0
BRDA:973,45,0,0
BRDA:973,45,1,0
BRDA:974,46,0,0
BRDA:974,46,1,0
BRDA:975,47,0,0
BRDA:975,47,1,0
BRDA:981,48,0,0
BRDA:981,48,1,0
BRDA:981,48,2,0
BRDA:989,49,0,0
BRDA:989,49,1,0
BRDA:993,50,0,0
BRDA:993,50,1,0
BRDA:997,51,0,0
BRDA:997,51,1,0
BRDA:1001,52,0,0
BRDA:1001,52,1,0
BRDA:1009,53,0,0
BRDA:1009,53,1,0
BRDA:1014,54,0,0
BRDA:1014,54,1,0
BRDA:1019,55,0,0
BRDA:1019,55,1,0
BRDA:1024,56,0,0
BRDA:1024,56,1,0
BRF:111
BRH:0
end_of_record
TN:
SF:src/components/PerformanceOptimizer.jsx
FN:10,(anonymous_0)
FN:12,(anonymous_1)
FN:20,(anonymous_2)
FN:24,(anonymous_3)
FN:43,(anonymous_4)
FN:45,(anonymous_5)
FN:46,(anonymous_6)
FN:51,(anonymous_7)
FN:68,(anonymous_8)
FN:73,(anonymous_9)
FN:85,(anonymous_10)
FN:99,(anonymous_11)
FN:103,(anonymous_12)
FN:105,(anonymous_13)
FN:110,(anonymous_14)
FN:117,(anonymous_15)
FN:118,(anonymous_16)
FN:121,(anonymous_17)
FN:125,(anonymous_18)
FN:145,(anonymous_19)
FN:162,(anonymous_20)
FN:166,(anonymous_21)
FN:175,(anonymous_22)
FN:179,(anonymous_23)
FN:193,(anonymous_24)
FN:200,(anonymous_25)
FN:201,(anonymous_26)
FN:316,(anonymous_27)
FN:328,(anonymous_28)
FN:335,(anonymous_29)
FN:347,(anonymous_30)
FN:357,(anonymous_31)
FNF:32
FNH:0
FNDA:0,(anonymous_0)
FNDA:0,(anonymous_1)
FNDA:0,(anonymous_2)
FNDA:0,(anonymous_3)
FNDA:0,(anonymous_4)
FNDA:0,(anonymous_5)
FNDA:0,(anonymous_6)
FNDA:0,(anonymous_7)
FNDA:0,(anonymous_8)
FNDA:0,(anonymous_9)
FNDA:0,(anonymous_10)
FNDA:0,(anonymous_11)
FNDA:0,(anonymous_12)
FNDA:0,(anonymous_13)
FNDA:0,(anonymous_14)
FNDA:0,(anonymous_15)
FNDA:0,(anonymous_16)
FNDA:0,(anonymous_17)
FNDA:0,(anonymous_18)
FNDA:0,(anonymous_19)
FNDA:0,(anonymous_20)
FNDA:0,(anonymous_21)
FNDA:0,(anonymous_22)
FNDA:0,(anonymous_23)
FNDA:0,(anonymous_24)
FNDA:0,(anonymous_25)
FNDA:0,(anonymous_26)
FNDA:0,(anonymous_27)
FNDA:0,(anonymous_28)
FNDA:0,(anonymous_29)
FNDA:0,(anonymous_30)
FNDA:0,(anonymous_31)
DA:10,0
DA:12,0
DA:13,0
DA:20,0
DA:21,0
DA:24,0
DA:25,0
DA:28,0
DA:43,0
DA:45,0
DA:46,0
DA:47,0
DA:51,0
DA:52,0
DA:54,0
DA:56,0
DA:58,0
DA:60,0
DA:64,0
DA:68,0
DA:70,0
DA:73,0
DA:74,0
DA:75,0
DA:79,0
DA:86,0
DA:99,0
DA:100,0
DA:103,0
DA:105,0
DA:110,0
DA:111,0
DA:117,0
DA:118,0
DA:121,0
DA:122,0
DA:125,0
DA:126,0
DA:129,0
DA:146,0
DA:162,0
DA:163,0
DA:166,0
DA:167,0
DA:168,0
DA:169,0
DA:171,0
DA:175,0
DA:176,0
DA:179,0
DA:180,0
DA:183,0
DA:184,0
DA:186,0
DA:194,0
DA:212,0
DA:220,0
DA:225,0
DA:230,0
DA:234,0
DA:239,0
DA:245,0
DA:257,0
DA:263,0
DA:268,0
DA:274,0
DA:282,0
DA:287,0
DA:292,0
DA:296,0
DA:302,0
DA:307,0
DA:316,0
DA:327,0
DA:328,0
DA:334,0
DA:335,0
DA:339,0
DA:346,0
DA:347,0
DA:358,0
LF:81
LH:0
BRDA:33,0,0,0
BRDA:33,0,1,0
BRDA:47,1,0,0
BRDA:47,1,1,0
BRDA:52,2,0,0
BRDA:52,2,1,0
BRDA:52,2,2,0
BRDA:52,2,3,0
BRDA:74,3,0,0
BRDA:74,3,1,0
BRDA:104,4,0,0
BRDA:104,4,1,0
BRDA:105,5,0,0
BRDA:105,5,1,0
BRDA:106,6,0,0
BRDA:106,6,1,0
BRDA:142,7,0,0
BRDA:142,7,1,0
BRDA:162,8,0,0
BRDA:162,9,0,0
BRDA:316,10,0,0
BRDA:316,10,1,0
BRF:22
BRH:0
end_of_record
TN:
SF:src/components/PermissionGuard.jsx
FN:15,(anonymous_0)
FN:68,(anonymous_1)
FN:83,(anonymous_2)
FN:98,(anonymous_3)
FN:113,(anonymous_4)
FN:128,(anonymous_5)
FN:143,(anonymous_6)
FN:158,(anonymous_7)
FN:173,(anonymous_8)
FNF:9
FNH:0
FNDA:0,(anonymous_0)
FNDA:0,(anonymous_1)
FNDA:0,(anonymous_2)
FNDA:0,(anonymous_3)
FNDA:0,(anonymous_4)
FNDA:0,(anonymous_5)
FNDA:0,(anonymous_6)
FNDA:0,(anonymous_7)
FNDA:0,(anonymous_8)
DA:15,0
DA:25,0
DA:26,0
DA:30,0
DA:31,0
DA:35,0
DA:36,0
DA:37,0
DA:38,0
DA:44,0
DA:46,0
DA:47,0
DA:48,0
DA:52,0
DA:55,0
DA:68,0
DA:69,0
DA:74,0
DA:83,0
DA:84,0
DA:89,0
DA:98,0
DA:99,0
DA:104,0
DA:113,0
DA:114,0
DA:119,0
DA:128,0
DA:129,0
DA:134,0
DA:143,0
DA:144,0
DA:149,0
DA:158,0
DA:159,0
DA:164,0
DA:173,0
DA:174,0
DA:179,0
LF:39
LH:0
BRDA:21,0,0,0
BRDA:22,1,0,0
BRDA:25,2,0,0
BRDA:25,2,1,0
BRDA:26,3,0,0
BRDA:26,3,1,0
BRDA:30,4,0,0
BRDA:30,4,1,0
BRDA:30,5,0,0
BRDA:30,5,1,0
BRDA:31,6,0,0
BRDA:31,6,1,0
BRDA:35,7,0,0
BRDA:35,7,1,0
BRDA:37,8,0,0
BRDA:37,8,1,0
BRDA:38,9,0,0
BRDA:38,9,1,0
BRDA:44,10,0,0
BRDA:44,10,1,0
BRDA:44,11,0,0
BRDA:44,11,1,0
BRDA:47,12,0,0
BRDA:47,12,1,0
BRDA:48,13,0,0
BRDA:48,13,1,0
BRDA:68,14,0,0
BRDA:68,15,0,0
BRDA:83,16,0,0
BRDA:83,17,0,0
BRDA:98,18,0,0
BRDA:98,19,0,0
BRDA:113,20,0,0
BRDA:113,21,0,0
BRDA:128,22,0,0
BRDA:128,23,0,0
BRDA:143,24,0,0
BRDA:143,25,0,0
BRDA:158,26,0,0
BRDA:158,27,0,0
BRDA:173,28,0,0
BRDA:173,29,0,0
BRF:42
BRH:0
end_of_record
TN:
SF:src/components/PriceMasterModal.jsx
FN:25,(anonymous_0)
FN:30,(anonymous_1)
FNF:2
FNH:0
FNDA:0,(anonymous_0)
FNDA:0,(anonymous_1)
DA:4,0
DA:17,0
DA:25,0
DA:26,0
DA:28,0
DA:30,0
LF:6
LH:0
BRDA:26,0,0,0
BRDA:26,0,1,0
BRF:2
BRH:0
end_of_record
TN:
SF:src/components/ProfitabilityPanel.jsx
FN:31,(anonymous_0)
FN:32,(anonymous_1)
FNF:2
FNH:2
FNDA:116,(anonymous_0)
FNDA:232,(anonymous_1)
DA:4,1
DA:11,1
DA:16,1
DA:22,1
DA:26,1
DA:31,1
DA:32,116
DA:33,232
DA:40,116
LF:9
LH:9
BRDA:37,0,0,232
BRDA:37,0,1,9
BRDA:53,1,0,116
BRDA:53,1,1,6
BRF:4
BRH:4
end_of_record
TN:
SF:src/components/ProjectHistoryManager.jsx
FN:186,(anonymous_0)
FN:199,(anonymous_1)
FN:232,(anonymous_2)
FN:244,(anonymous_3)
FN:321,(anonymous_4)
FN:346,(anonymous_5)
FN:390,(anonymous_6)
FN:391,(anonymous_7)
FN:397,(anonymous_8)
FN:410,(anonymous_9)
FN:425,(anonymous_10)
FN:491,(anonymous_11)
FN:494,(anonymous_12)
FN:502,(anonymous_13)
FN:508,(anonymous_14)
FN:518,(anonymous_15)
FN:523,(anonymous_16)
FN:531,(anonymous_17)
FN:547,(anonymous_18)
FN:558,(anonymous_19)
FN:560,(anonymous_20)
FN:561,(anonymous_21)
FN:562,(anonymous_22)
FN:574,(anonymous_23)
FN:582,(anonymous_24)
FN:586,(anonymous_25)
FN:590,(anonymous_26)
FN:594,(anonymous_27)
FN:598,(anonymous_28)
FN:599,(anonymous_29)
FN:602,(anonymous_30)
FN:608,(anonymous_31)
FN:616,(anonymous_32)
FN:625,(anonymous_33)
FN:676,(anonymous_34)
FN:723,(anonymous_35)
FN:743,(anonymous_36)
FN:750,(anonymous_37)
FN:757,(anonymous_38)
FN:808,(anonymous_39)
FN:808,(anonymous_40)
FN:814,(anonymous_41)
FN:825,(anonymous_42)
FN:837,(anonymous_43)
FN:837,(anonymous_44)
FNF:45
FNH:0
FNDA:0,(anonymous_0)
FNDA:0,(anonymous_1)
FNDA:0,(anonymous_2)
FNDA:0,(anonymous_3)
FNDA:0,(anonymous_4)
FNDA:0,(anonymous_5)
FNDA:0,(anonymous_6)
FNDA:0,(anonymous_7)
FNDA:0,(anonymous_8)
FNDA:0,(anonymous_9)
FNDA:0,(anonymous_10)
FNDA:0,(anonymous_11)
FNDA:0,(anonymous_12)
FNDA:0,(anonymous_13)
FNDA:0,(anonymous_14)
FNDA:0,(anonymous_15)
FNDA:0,(anonymous_16)
FNDA:0,(anonymous_17)
FNDA:0,(anonymous_18)
FNDA:0,(anonymous_19)
FNDA:0,(anonymous_20)
FNDA:0,(anonymous_21)
FNDA:0,(anonymous_22)
FNDA:0,(anonymous_23)
FNDA:0,(anonymous_24)
FNDA:0,(anonymous_25)
FNDA:0,(anonymous_26)
FNDA:0,(anonymous_27)
FNDA:0,(anonymous_28)
FNDA:0,(anonymous_29)
FNDA:0,(anonymous_30)
FNDA:0,(anonymous_31)
FNDA:0,(anonymous_32)
FNDA:0,(anonymous_33)
FNDA:0,(anonymous_34)
FNDA:0,(anonymous_35)
FNDA:0,(anonymous_36)
FNDA:0,(anonymous_37)
FNDA:0,(anonymous_38)
FNDA:0,(anonymous_39)
FNDA:0,(anonymous_40)
FNDA:0,(anonymous_41)
FNDA:0,(anonymous_42)
FNDA:0,(anonymous_43)
FNDA:0,(anonymous_44)
DA:29,0
DA:46,0
DA:59,0
DA:68,0
DA:77,0
DA:91,0
DA:98,0
DA:107,0
DA:123,0
DA:127,0
DA:146,0
DA:156,0
DA:173,0
DA:187,0
DA:200,0
DA:220,0
DA:227,0
DA:232,0
DA:241,0
DA:244,0
DA:248,0
DA:255,0
DA:260,0
DA:274,0
DA:282,0
DA:286,0
DA:296,0
DA:305,0
DA:312,0
DA:320,0
DA:321,0
DA:334,0
DA:341,0
DA:346,0
DA:366,0
DA:377,0
DA:385,0
DA:390,0
DA:391,0
DA:397,0
DA:410,0
DA:412,0
DA:413,0
DA:414,0
DA:415,0
DA:416,0
DA:417,0
DA:418,0
DA:419,0
DA:420,0
DA:421,0
DA:424,0
DA:425,0
DA:491,0
DA:492,0
DA:494,0
DA:495,0
DA:496,0
DA:497,0
DA:502,0
DA:503,0
DA:506,0
DA:507,0
DA:509,0
DA:517,0
DA:518,0
DA:522,0
DA:523,0
DA:524,0
DA:525,0
DA:530,0
DA:531,0
DA:532,0
DA:533,0
DA:535,0
DA:537,0
DA:539,0
DA:541,0
DA:547,0
DA:548,0
DA:549,0
DA:550,0
DA:553,0
DA:554,0
DA:558,0
DA:559,0
DA:560,0
DA:561,0
DA:562,0
DA:564,0
DA:574,0
DA:575,0
DA:576,0
DA:579,0
DA:582,0
DA:583,0
DA:586,0
DA:587,0
DA:590,0
DA:591,0
DA:594,0
DA:595,0
DA:598,0
DA:599,0
DA:602,0
DA:603,0
DA:608,0
DA:609,0
DA:616,0
DA:617,0
DA:618,0
DA:625,0
DA:626,0
DA:629,0
DA:677,0
DA:724,0
DA:725,0
DA:727,0
DA:743,0
DA:750,0
DA:757,0
DA:808,0
DA:815,0
DA:816,0
DA:821,0
DA:825,0
DA:830,0
DA:831,0
DA:833,0
DA:837,0
LF:130
LH:0
BRDA:187,0,0,0
BRDA:187,0,1,0
BRDA:200,1,0,0
BRDA:200,1,1,0
BRDA:232,2,0,0
BRDA:232,2,1,0
BRDA:244,3,0,0
BRDA:244,3,1,0
BRDA:321,4,0,0
BRDA:321,4,1,0
BRDA:346,5,0,0
BRDA:346,5,1,0
BRDA:390,6,0,0
BRDA:390,6,1,0
BRDA:391,7,0,0
BRDA:391,7,1,0
BRDA:397,8,0,0
BRDA:397,8,1,0
BRDA:506,9,0,0
BRDA:506,9,1,0
BRDA:509,10,0,0
BRDA:509,10,1,0
BRDA:509,10,2,0
BRDA:509,10,3,0
BRDA:517,11,0,0
BRDA:517,11,1,0
BRDA:522,12,0,0
BRDA:522,12,1,0
BRDA:530,13,0,0
BRDA:530,13,1,0
BRDA:533,14,0,0
BRDA:533,14,1,0
BRDA:533,14,2,0
BRDA:533,14,3,0
BRDA:537,15,0,0
BRDA:537,15,1,0
BRDA:550,16,0,0
BRDA:550,16,1,0
BRDA:562,17,0,0
BRDA:562,17,1,0
BRDA:569,18,0,0
BRDA:569,18,1,0
BRDA:599,19,0,0
BRDA:599,19,1,0
BRDA:626,20,0,0
BRDA:626,20,1,0
BRDA:698,21,0,0
BRDA:698,21,1,0
BRDA:706,22,0,0
BRDA:706,22,1,0
BRDA:715,23,0,0
BRDA:715,23,1,0
BRDA:778,24,0,0
BRDA:778,24,1,0
BRDA:805,25,0,0
BRDA:805,25,1,0
BRDA:816,26,0,0
BRDA:816,26,1,0
BRDA:817,27,0,0
BRDA:817,27,1,0
BRDA:817,27,2,0
BRDA:817,27,3,0
BRDA:830,28,0,0
BRDA:830,28,1,0
BRDA:830,29,0,0
BRDA:830,29,1,0
BRF:66
BRH:0
end_of_record
TN:
SF:src/components/ProjectManagement.jsx
FN:260,(anonymous_0)
FN:261,(anonymous_1)
FN:270,(anonymous_2)
FN:292,(anonymous_3)
FN:305,(anonymous_4)
FN:318,(anonymous_5)
FN:360,(anonymous_6)
FN:376,(anonymous_7)
FN:483,(anonymous_8)
FN:502,(anonymous_9)
FN:503,(anonymous_10)
FN:530,(anonymous_11)
FN:669,(anonymous_12)
FN:836,(anonymous_13)
FN:868,(anonymous_14)
FN:964,(anonymous_15)
FN:966,(anonymous_16)
FN:974,(anonymous_17)
FN:980,(anonymous_18)
FN:990,(anonymous_19)
FN:995,(anonymous_20)
FN:1002,(anonymous_21)
FN:1004,(anonymous_22)
FN:1005,(anonymous_23)
FN:1006,(anonymous_24)
FN:1007,(anonymous_25)
FN:1010,(anonymous_26)
FN:1025,(anonymous_27)
FN:1029,(anonymous_28)
FN:1033,(anonymous_29)
FN:1037,(anonymous_30)
FN:1041,(anonymous_31)
FN:1060,(anonymous_32)
FN:1079,(anonymous_33)
FN:1082,(anonymous_34)
FN:1082,(anonymous_35)
FN:1087,(anonymous_36)
FN:1092,(anonymous_37)
FN:1093,(anonymous_38)
FN:1114,(anonymous_39)
FN:1123,(anonymous_40)
FN:1124,(anonymous_41)
FN:1131,(anonymous_42)
FN:1135,(anonymous_43)
FN:1137,(anonymous_44)
FN:1142,(anonymous_45)
FN:1144,(anonymous_46)
FN:1152,(anonymous_47)
FN:1160,(anonymous_48)
FN:1169,(anonymous_49)
FN:1173,(anonymous_50)
FN:1177,(anonymous_51)
FN:1195,(anonymous_52)
FN:1199,(anonymous_53)
FN:1206,(anonymous_54)
FN:1217,(anonymous_55)
FN:1298,(anonymous_56)
FN:1307,(anonymous_57)
FN:1316,(anonymous_58)
FN:1320,(anonymous_59)
FN:1349,(anonymous_60)
FN:1399,(anonymous_61)
FN:1409,(anonymous_62)
FN:1416,(anonymous_63)
FN:1483,(anonymous_64)
FN:1496,(anonymous_65)
FN:1512,(anonymous_66)
FN:1520,(anonymous_67)
FN:1541,(anonymous_68)
FN:1552,(anonymous_69)
FN:1581,(anonymous_70)
FN:1582,(anonymous_71)
FN:1587,(anonymous_72)
FN:1598,(anonymous_73)
FN:1608,(anonymous_74)
FN:1618,(anonymous_75)
FN:1620,(anonymous_76)
FN:1632,(anonymous_77)
FN:1634,(anonymous_78)
FN:1649,(anonymous_79)
FN:1658,(anonymous_80)
FN:1669,(anonymous_81)
FN:1679,(anonymous_82)
FN:1691,(anonymous_83)
FN:1701,(anonymous_84)
FN:1712,(anonymous_85)
FN:1721,(anonymous_86)
FN:1727,(anonymous_87)
FNF:88
FNH:0
FNDA:0,(anonymous_0)
FNDA:0,(anonymous_1)
FNDA:0,(anonymous_2)
FNDA:0,(anonymous_3)
FNDA:0,(anonymous_4)
FNDA:0,(anonymous_5)
FNDA:0,(anonymous_6)
FNDA:0,(anonymous_7)
FNDA:0,(anonymous_8)
FNDA:0,(anonymous_9)
FNDA:0,(anonymous_10)
FNDA:0,(anonymous_11)
FNDA:0,(anonymous_12)
FNDA:0,(anonymous_13)
FNDA:0,(anonymous_14)
FNDA:0,(anonymous_15)
FNDA:0,(anonymous_16)
FNDA:0,(anonymous_17)
FNDA:0,(anonymous_18)
FNDA:0,(anonymous_19)
FNDA:0,(anonymous_20)
FNDA:0,(anonymous_21)
FNDA:0,(anonymous_22)
FNDA:0,(anonymous_23)
FNDA:0,(anonymous_24)
FNDA:0,(anonymous_25)
FNDA:0,(anonymous_26)
FNDA:0,(anonymous_27)
FNDA:0,(anonymous_28)
FNDA:0,(anonymous_29)
FNDA:0,(anonymous_30)
FNDA:0,(anonymous_31)
FNDA:0,(anonymous_32)
FNDA:0,(anonymous_33)
FNDA:0,(anonymous_34)
FNDA:0,(anonymous_35)
FNDA:0,(anonymous_36)
FNDA:0,(anonymous_37)
FNDA:0,(anonymous_38)
FNDA:0,(anonymous_39)
FNDA:0,(anonymous_40)
FNDA:0,(anonymous_41)
FNDA:0,(anonymous_42)
FNDA:0,(anonymous_43)
FNDA:0,(anonymous_44)
FNDA:0,(anonymous_45)
FNDA:0,(anonymous_46)
FNDA:0,(anonymous_47)
FNDA:0,(anonymous_48)
FNDA:0,(anonymous_49)
FNDA:0,(anonymous_50)
FNDA:0,(anonymous_51)
FNDA:0,(anonymous_52)
FNDA:0,(anonymous_53)
FNDA:0,(anonymous_54)
FNDA:0,(anonymous_55)
FNDA:0,(anonymous_56)
FNDA:0,(anonymous_57)
FNDA:0,(anonymous_58)
FNDA:0,(anonymous_59)
FNDA:0,(anonymous_60)
FNDA:0,(anonymous_61)
[...]
DA:334,0
DA:335,0
DA:337,0
DA:338,0
DA:339,0
DA:341,0
DA:343,0
DA:346,0
DA:347,0
DA:348,0
DA:351,0
DA:358,0
DA:361,0
DA:367,0
DA:368,0
DA:369,0
DA:371,0
DA:373,0
DA:374,0
DA:378,0
DA:389,0
DA:391,0
DA:393,0
DA:394,0
DA:397,0
LF:151
LH:0
BRDA:49,0,0,0
BRDA:49,0,1,0
BRDA:56,1,0,0
BRDA:56,1,1,0
BRDA:73,2,0,0
BRDA:88,3,0,0
BRDA:88,3,1,0
BRDA:102,4,0,0
BRDA:102,4,1,0
BRDA:107,5,0,0
BRDA:107,5,1,0
BRDA:107,6,0,0
BRDA:107,6,1,0
BRDA:120,7,0,0
BRDA:123,8,0,0
BRDA:123,8,1,0
BRDA:136,9,0,0
BRDA:136,9,1,0
BRDA:137,10,0,0
BRDA:137,10,1,0
BRDA:142,11,0,0
BRDA:142,11,1,0
BRDA:142,12,0,0
BRDA:142,12,1,0
BRDA:178,13,0,0
BRDA:178,13,1,0
BRDA:194,14,0,0
BRDA:194,14,1,0
BRDA:234,15,0,0
BRDA:256,16,0,0
BRDA:261,17,0,0
BRDA:262,18,0,0
BRDA:263,19,0,0
BRDA:264,20,0,0
BRDA:265,21,0,0
BRDA:287,22,0,0
BRDA:287,22,1,0
BRDA:310,23,0,0
BRDA:310,23,1,0
BRDA:312,24,0,0
BRDA:312,24,1,0
BRDA:329,25,0,0
BRDA:329,25,1,0
BRDA:329,26,0,0
BRDA:329,26,1,0
BRDA:338,27,0,0
BRDA:338,27,1,0
BRDA:367,28,0,0
BRDA:373,29,0,0
BRDA:373,29,1,0
BRDA:389,30,0,0
BRDA:389,30,1,0
BRF:52
BRH:0
end_of_record
TN:
SF:src/utils/performance.js
FN:11,(anonymous_0)
FN:13,executedFunction
FN:14,(anonymous_2)
FN:29,(anonymous_3)
FN:31,(anonymous_4)
FN:35,(anonymous_5)
FN:47,(anonymous_6)
FNF:7
FNH:0
FNDA:0,(anonymous_0)
FNDA:0,executedFunction
FNDA:0,(anonymous_2)
FNDA:0,(anonymous_3)
FNDA:0,(anonymous_4)
FNDA:0,(anonymous_5)
FNDA:0,(anonymous_6)
DA:11,0
DA:13,0
DA:14,0
DA:15,0
DA:16,0
DA:18,0
DA:19,0
DA:29,0
DA:31,0
DA:32,0
DA:33,0
DA:34,0
DA:35,0
DA:36,0
DA:47,0
DA:48,0
DA:49,0
DA:50,0
DA:51,0
DA:52,0
DA:53,0
DA:55,0
DA:56,0
DA:57,0
LF:24
LH:0
BRDA:32,0,0,0
BRDA:32,0,1,0
BRF:2
BRH:0
end_of_record
TN:
SF:src/utils/performance.ts
FN:8,(anonymous_0)
FN:15,executedFunction
FN:16,(anonymous_2)
FN:31,(anonymous_3)
FN:37,executedFunction
FN:41,(anonymous_5)
FN:53,(anonymous_6)
FN:58,(anonymous_7)
FN:69,(anonymous_8)
FN:80,(anonymous_9)
FN:84,(anonymous_10)
FN:90,(anonymous_11)
FN:96,(anonymous_12)
FN:111,(anonymous_13)
FN:117,(anonymous_14)
FN:120,(anonymous_15)
FN:147,(anonymous_16)
FN:162,(anonymous_17)
FN:171,(anonymous_18)
FN:188,(anonymous_19)
FN:195,(anonymous_20)
FN:199,(anonymous_21)
FN:218,(anonymous_22)
FN:222,(anonymous_23)
FN:226,(anonymous_24)
FN:229,(anonymous_25)
FN:230,(anonymous_26)
FN:241,(anonymous_27)
FN:249,(anonymous_28)
FN:272,(anonymous_29)
FN:278,(anonymous_30)
FN:282,(anonymous_31)
FN:286,(anonymous_32)
FN:303,(anonymous_33)
FN:307,(anonymous_34)
FN:327,(anonymous_35)
FN:328,(anonymous_36)
FN:335,(anonymous_37)
FN:341,(anonymous_38)
FN:353,(anonymous_39)
FNF:40
FNH:0
FNDA:0,(anonymous_0)
FNDA:0,executedFunction
FNDA:0,(anonymous_2)
FNDA:0,(anonymous_3)
FNDA:0,executedFunction
FNDA:0,(anonymous_5)
FNDA:0,(anonymous_6)
FNDA:0,(anonymous_7)
FNDA:0,(anonymous_8)
FNDA:0,(anonymous_9)
FNDA:0,(anonymous_10)
FNDA:0,(anonymous_11)
FNDA:0,(anonymous_12)
FNDA:0,(anonymous_13)
FNDA:0,(anonymous_14)
FNDA:0,(anonymous_15)
FNDA:0,(anonymous_16)
FNDA:0,(anonymous_17)
FNDA:0,(anonymous_18)
FNDA:0,(anonymous_19)
FNDA:0,(anonymous_20)
FNDA:0,(anonymous_21)
FNDA:0,(anonymous_22)
FNDA:0,(anonymous_23)
FNDA:0,(anonymous_24)
FNDA:0,(anonymous_25)
FNDA:0,(anonymous_26)
FNDA:0,(anonymous_27)
FNDA:0,(anonymous_28)
FNDA:0,(anonymous_29)
FNDA:0,(anonymous_30)
FNDA:0,(anonymous_31)
FNDA:0,(anonymous_32)
FNDA:0,(anonymous_33)
FNDA:0,(anonymous_34)
FNDA:0,(anonymous_35)
FNDA:0,(anonymous_36)
FNDA:0,(anonymous_37)
FNDA:0,(anonymous_38)
FNDA:0,(anonymous_39)
DA:8,0
DA:13,0
DA:15,0
DA:16,0
DA:17,0
DA:18,0
DA:21,0
DA:23,0
DA:24,0
DA:26,0
DA:31,0
DA:37,0
DA:38,0
DA:39,0
DA:40,0
DA:41,0
DA:42,0
DA:54,0
DA:55,0
DA:59,0
DA:60,0
DA:62,0
DA:63,0
DA:64,0
DA:66,0
DA:70,0
DA:71,0
DA:72,0
DA:74,0
DA:75,0
DA:77,0
DA:81,0
DA:85,0
DA:90,0
DA:94,0
DA:96,0
DA:97,0
DA:99,0
DA:100,0
DA:101,0
DA:104,0
DA:105,0
DA:106,0
DA:111,0
DA:117,0
DA:118,0
DA:120,0
DA:121,0
DA:122,0
DA:123,0
DA:124,0
DA:125,0
DA:128,0
DA:129,0
DA:131,0
DA:132,0
DA:135,0
DA:138,0
DA:142,0
DA:147,0
DA:154,0
DA:155,0
DA:156,0
DA:158,0
DA:162,0
DA:166,0
DA:167,0
DA:171,0
DA:175,0
DA:176,0
DA:186,0
DA:189,0
DA:190,0
DA:192,0
DA:196,0
DA:200,0
DA:201,0
DA:203,0
DA:204,0
DA:207,0
DA:208,0
DA:211,0
DA:212,0
DA:215,0
DA:219,0
DA:220,0
DA:222,0
DA:223,0
DA:227,0
DA:229,0
DA:230,0
DA:231,0
DA:238,0
DA:242,0
DA:243,0
DA:244,0
DA:249,0
DA:254,0
DA:255,0
DA:256,0
DA:262,0
DA:267,0
DA:268,0
DA:269,0
DA:270,0
DA:273,0
DA:274,0
DA:275,0
DA:279,0
DA:283,0
DA:286,0
DA:287,0
DA:289,0
DA:290,0
DA:292,0
DA:293,0
DA:294,0
DA:295,0
DA:298,0
DA:303,0
DA:307,0
DA:308,0
DA:309,0
DA:310,0
DA:312,0
DA:314,0
DA:315,0
DA:317,0
DA:318,0
DA:320,0
DA:321,0
DA:323,0
DA:324,0
DA:327,0
DA:328,0
DA:330,0
DA:335,0
DA:341,0
DA:342,0
DA:343,0
DA:345,0
DA:346,0
DA:350,0
DA:353,0
DA:354,0
DA:358,0
LF:146
LH:0
BRDA:11,0,0,0
BRDA:18,1,0,0
BRDA:18,1,1,0
BRDA:21,2,0,0
BRDA:21,2,1,0
BRDA:23,3,0,0
BRDA:23,3,1,0
BRDA:26,4,0,0
BRDA:26,4,1,0
BRDA:38,5,0,0
BRDA:38,5,1,0
BRDA:53,6,0,0
BRDA:59,7,0,0
BRDA:59,7,1,0
BRDA:70,8,0,0
BRDA:70,8,1,0
BRDA:72,9,0,0
BRDA:72,9,1,0
BRDA:97,10,0,0
BRDA:97,10,1,0
BRDA:100,11,0,0
BRDA:100,11,1,0
BRDA:115,12,0,0
BRDA:123,13,0,0
BRDA:123,13,1,0
BRDA:131,14,0,0
BRDA:131,14,1,0
BRDA:152,15,0,0
BRDA:189,16,0,0
BRDA:189,16,1,0
BRDA:203,17,0,0
BRDA:203,17,1,0
BRDA:211,18,0,0
BRDA:211,18,1,0
BRDA:220,19,0,0
BRDA:220,19,1,0
BRDA:220,20,0,0
BRDA:220,20,1,0
BRDA:234,21,0,0
BRDA:234,21,1,0
BRDA:254,22,0,0
BRDA:254,22,1,0
BRDA:273,23,0,0
BRDA:273,23,1,0
BRDA:287,24,0,0
BRDA:287,24,1,0
BRDA:292,25,0,0
BRDA:292,25,1,0
BRDA:305,26,0,0
BRDA:312,27,0,0
BRDA:312,27,1,0
BRDA:312,27,2,0
BRDA:312,27,3,0
BRDA:345,28,0,0
BRDA:345,28,1,0
BRDA:345,29,0,0
BRDA:345,29,1,0
BRF:57
BRH:0
end_of_record
TN:
SF:src/utils/printQualityEnhancer.js
FN:62,(anonymous_0)
FN:74,(anonymous_1)
FN:96,(anonymous_2)
FN:120,(anonymous_3)
FN:128,(anonymous_4)
FN:132,(anonymous_5)
FN:168,(anonymous_6)
FN:170,(anonymous_7)
FN:195,(anonymous_8)
FN:222,(anonymous_9)
FN:240,(anonymous_10)
FN:257,(anonymous_11)
FN:262,(anonymous_12)
FN:278,(anonymous_13)
FN:280,(anonymous_14)
FN:293,(anonymous_15)
FN:326,(anonymous_16)
FN:329,(anonymous_17)
FN:333,(anonymous_18)
FNF:19
FNH:0
FNDA:0,(anonymous_0)
FNDA:0,(anonymous_1)
FNDA:0,(anonymous_2)
FNDA:0,(anonymous_3)
FNDA:0,(anonymous_4)
FNDA:0,(anonymous_5)
FNDA:0,(anonymous_6)
FNDA:0,(anonymous_7)
FNDA:0,(anonymous_8)
FNDA:0,(anonymous_9)
FNDA:0,(anonymous_10)
FNDA:0,(anonymous_11)
FNDA:0,(anonymous_12)
FNDA:0,(anonymous_13)
FNDA:0,(anonymous_14)
FNDA:0,(anonymous_15)
FNDA:0,(anonymous_16)
FNDA:0,(anonymous_17)
FNDA:0,(anonymous_18)
DA:9,0
DA:63,0
DA:75,0
DA:85,0
DA:88,0
DA:90,0
DA:98,0
DA:101,0
DA:102,0
DA:103,0
DA:104,0
DA:107,0
DA:110,0
DA:111,0
DA:114,0
DA:126,0
DA:128,0
DA:129,0
DA:130,0
DA:132,0
DA:133,0
DA:134,0
DA:137,0
DA:138,0
DA:141,0
DA:142,0
DA:144,0
DA:145,0
DA:148,0
DA:149,0
DA:152,0
DA:153,0
DA:157,0
DA:160,0
DA:161,0
DA:162,0
DA:163,0
DA:167,0
DA:169,0
DA:170,0
DA:171,0
DA:180,0
DA:187,0
DA:188,0
DA:196,0
DA:197,0
DA:199,0
DA:200,0
DA:201,0
DA:202,0
DA:205,0
DA:206,0
DA:207,0
DA:208,0
DA:211,0
DA:212,0
DA:213,0
DA:216,0
DA:223,0
DA:224,0
DA:226,0
DA:228,0
DA:229,0
DA:230,0
DA:231,0
DA:234,0
DA:241,0
DA:244,0
DA:245,0
DA:247,0
DA:258,0
DA:261,0
DA:262,0
DA:263,0
DA:264,0
DA:280,0
DA:281,0
DA:282,0
DA:283,0
DA:284,0
DA:285,0
DA:286,0
DA:294,0
DA:297,0
DA:298,0
DA:300,0
DA:301,0
DA:308,0
DA:309,0
DA:310,0
DA:316,0
DA:327,0
DA:329,0
DA:330,0
DA:333,0
DA:334,0
DA:337,0
DA:338,0
DA:340,0
DA:347,0
LF:100
LH:0
BRDA:62,0,0,0
BRDA:74,1,0,0
BRDA:76,2,0,0
BRDA:76,2,1,0
BRDA:78,3,0,0
BRDA:78,3,1,0
BRDA:110,4,0,0
BRDA:110,4,1,0
BRDA:120,5,0,0
BRDA:122,6,0,0
BRDA:123,7,0,0
BRDA:124,8,0,0
BRDA:125,9,0,0
BRDA:137,10,0,0
BRDA:137,10,1,0
BRDA:138,11,0,0
BRDA:138,11,1,0
BRDA:152,12,0,0
BRDA:152,12,1,0
BRDA:160,13,0,0
BRDA:160,13,1,0
BRDA:162,14,0,0
BRDA:162,14,1,0
BRDA:182,15,0,0
BRDA:182,15,1,0
BRDA:206,16,0,0
BRDA:206,16,1,0
BRDA:207,17,0,0
BRDA:207,17,1,0
BRDA:208,18,0,0
BRDA:208,18,1,0
BRDA:240,19,0,0
BRDA:241,20,0,0
BRDA:241,21,0,0
BRDA:241,22,0,0
BRDA:241,23,0,0
BRDA:257,24,0,0
BRDA:258,25,0,0
BRDA:258,26,0,0
BRDA:258,27,0,0
BRDA:261,28,0,0
BRDA:261,28,1,0
BRDA:263,29,0,0
BRDA:263,29,1,0
BRDA:278,30,0,0
BRDA:300,31,0,0
BRDA:300,31,1,0
BRDA:309,32,0,0
BRDA:309,32,1,0
BRDA:329,33,0,0
BRDA:329,33,1,0
BRDA:333,34,0,0
BRDA:333,34,1,0
BRF:53
BRH:0
end_of_record
TN:
SF:src/utils/rbacOptimizer.js
FN:10,(anonymous_0)
FN:18,(anonymous_1)
FN:23,(anonymous_2)
FN:40,(anonymous_3)
FN:58,(anonymous_4)
FN:66,(anonymous_5)
FN:79,(anonymous_6)
FN:85,(anonymous_7)
FN:93,(anonymous_8)
FN:168,(anonymous_9)
FN:191,(anonymous_10)
FN:209,(anonymous_11)
FN:214,(anonymous_12)
FN:225,(anonymous_13)
FN:235,(anonymous_14)
FN:250,(anonymous_15)
FN:270,(anonymous_16)
FN:288,(anonymous_17)
FN:306,(anonymous_18)
FN:321,(anonymous_19)
FN:331,(anonymous_20)
FN:336,(anonymous_21)
FN:349,(anonymous_22)
FN:352,(anonymous_23)
FNF:24
FNH:0
FNDA:0,(anonymous_0)
FNDA:0,(anonymous_1)
FNDA:0,(anonymous_2)
FNDA:0,(anonymous_3)
FNDA:0,(anonymous_4)
FNDA:0,(anonymous_5)
FNDA:0,(anonymous_6)
FNDA:0,(anonymous_7)
FNDA:0,(anonymous_8)
FNDA:0,(anonymous_9)
FNDA:0,(anonymous_10)
FNDA:0,(anonymous_11)
FNDA:0,(anonymous_12)
FNDA:0,(anonymous_13)
FNDA:0,(anonymous_14)
FNDA:0,(anonymous_15)
FNDA:0,(anonymous_16)
FNDA:0,(anonymous_17)
FNDA:0,(anonymous_18)
FNDA:0,(anonymous_19)
FNDA:0,(anonymous_20)
FNDA:0,(anonymous_21)
FNDA:0,(anonymous_22)
FNDA:0,(anonymous_23)
DA:11,0
DA:12,0
DA:13,0
DA:14,0
DA:19,0
DA:24,0
DA:27,0
DA:28,0
DA:29,0
DA:32,0
DA:41,0
DA:42,0
DA:44,0
DA:47,0
DA:48,0
DA:49,0
DA:53,0
DA:54,0
DA:59,0
DA:67,0
DA:68,0
DA:70,0
DA:71,0
DA:72,0
DA:75,0
DA:80,0
DA:81,0
DA:86,0
DA:94,0
DA:95,0
DA:97,0
DA:98,0
DA:99,0
DA:102,0
DA:107,0
DA:110,0
DA:157,0
DA:168,0
DA:169,0
DA:171,0
DA:172,0
DA:175,0
DA:176,0
DA:179,0
DA:182,0
DA:183,0
DA:185,0
DA:191,0
DA:193,0
DA:194,0
DA:197,0
DA:198,0
DA:200,0
DA:203,0
DA:209,0
DA:210,0
DA:212,0
DA:214,0
DA:215,0
DA:216,0
DA:219,0
DA:225,0
DA:226,0
DA:227,0
DA:229,0
DA:235,0
DA:236,0
DA:238,0
DA:239,0
DA:242,0
DA:244,0
DA:250,0
DA:252,0
DA:255,0
DA:257,0
DA:259,0
DA:261,0
DA:263,0
DA:270,0
DA:271,0
DA:273,0
DA:276,0
DA:279,0
DA:281,0
DA:288,0
DA:289,0
DA:291,0
DA:294,0
DA:297,0
DA:299,0
DA:306,0
DA:307,0
DA:309,0
DA:312,0
DA:314,0
DA:321,0
DA:323,0
DA:324,0
DA:331,0
DA:336,0
DA:338,0
DA:349,0
DA:350,0
DA:352,0
DA:353,0
DA:355,0
DA:356,0
DA:359,0
DA:363,0
LF:109
LH:0
BRDA:27,0,0,0
BRDA:27,0,1,0
BRDA:44,1,0,0
BRDA:44,1,1,0
BRDA:47,2,0,0
BRDA:47,2,1,0
BRDA:68,3,0,0
BRDA:68,3,1,0
BRDA:70,4,0,0
BRDA:70,4,1,0
BRDA:99,5,0,0
BRDA:99,5,1,0
BRDA:102,6,0,0
BRDA:102,6,1,0
BRDA:169,7,0,0
BRDA:169,7,1,0
BRDA:169,8,0,0
BRDA:169,8,1,0
BRDA:169,8,2,0
BRDA:171,9,0,0
BRDA:171,9,1,0
BRDA:172,10,0,0
BRDA:172,10,1,0
BRDA:172,10,2,0
BRDA:176,11,0,0
BRDA:176,11,1,0
BRDA:193,12,0,0
BRDA:193,12,1,0
BRDA:193,13,0,0
BRDA:193,13,1,0
BRDA:200,14,0,0
BRDA:200,14,1,0
BRDA:210,15,0,0
BRDA:210,15,1,0
BRDA:210,16,0,0
BRDA:210,16,1,0
BRDA:215,17,0,0
BRDA:215,17,1,0
BRDA:226,18,0,0
BRDA:226,18,1,0
BRDA:227,19,0,0
BRDA:227,19,1,0
BRDA:236,20,0,0
BRDA:236,20,1,0
BRDA:236,21,0,0
BRDA:236,21,1,0
BRDA:236,21,2,0
BRDA:238,22,0,0
BRDA:238,22,1,0
BRDA:242,23,0,0
BRDA:242,23,1,0
BRDA:250,24,0,0
BRDA:252,25,0,0
BRDA:252,25,1,0
BRDA:255,26,0,0
BRDA:255,26,1,0
BRDA:255,26,2,0
BRDA:255,26,3,0
BRDA:273,27,0,0
BRDA:273,27,1,0
BRDA:273,27,2,0
BRDA:276,28,0,0
BRDA:276,28,1,0
BRDA:279,29,0,0
BRDA:279,29,1,0
BRDA:291,30,0,0
BRDA:291,30,1,0
BRDA:291,30,2,0
BRDA:294,31,0,0
BRDA:294,31,1,0
BRDA:297,32,0,0
BRDA:297,32,1,0
BRDA:309,33,0,0
BRDA:309,33,1,0
BRDA:312,34,0,0
BRDA:312,34,1,0
BRDA:323,35,0,0
BRDA:323,35,1,0
BRDA:353,36,0,0
BRDA:353,36,1,0
BRDA:353,37,0,0
BRDA:353,37,1,0
BRF:82
BRH:0
end_of_record
TN:
SF:src/utils/securityOptimizer.js
FN:8,(anonymous_0)
FN:16,(anonymous_1)
FN:30,(anonymous_2)
FN:44,(anonymous_3)
FN:57,(anonymous_4)
FN:69,(anonymous_5)
FN:84,(anonymous_6)
FN:97,(anonymous_7)
FN:121,(anonymous_8)
FN:140,(anonymous_9)
FN:164,(anonymous_10)
FN:190,(anonymous_11)
FN:204,(anonymous_12)
FN:217,(anonymous_13)
FN:220,(anonymous_14)
FN:227,(anonymous_15)
FN:233,(anonymous_16)
FN:243,(anonymous_17)
FN:264,(anonymous_18)
FN:271,(anonymous_19)
FN:288,(anonymous_20)
FN:291,(anonymous_21)
FN:304,(anonymous_22)
FN:321,(anonymous_23)
FN:344,(anonymous_24)
FN:365,(anonymous_25)
FN:381,(anonymous_26)
FN:388,(anonymous_27)
FN:398,(anonymous_28)
FNF:29
FNH:0
FNDA:0,(anonymous_0)
FNDA:0,(anonymous_1)
FNDA:0,(anonymous_2)
FNDA:0,(anonymous_3)
FNDA:0,(anonymous_4)
FNDA:0,(anonymous_5)
FNDA:0,(anonymous_6)
FNDA:0,(anonymous_7)
FNDA:0,(anonymous_8)
FNDA:0,(anonymous_9)
FNDA:0,(anonymous_10)
FNDA:0,(anonymous_11)
FNDA:0,(anonymous_12)
FNDA:0,(anonymous_13)
FNDA:0,(anonymous_14)
FNDA:0,(anonymous_15)
FNDA:0,(anonymous_16)
FNDA:0,(anonymous_17)
FNDA:0,(anonymous_18)
FNDA:0,(anonymous_19)
FNDA:0,(anonymous_20)
FNDA:0,(anonymous_21)
FNDA:0,(anonymous_22)
FNDA:0,(anonymous_23)
FNDA:0,(anonymous_24)
FNDA:0,(anonymous_25)
FNDA:0,(anonymous_26)
FNDA:0,(anonymous_27)
FNDA:0,(anonymous_28)
DA:9,0
DA:10,0
DA:11,0
DA:12,0
DA:13,0
DA:17,0
DA:19,0
DA:20,0
DA:21,0
DA:24,0
DA:31,0
DA:32,0
DA:34,0
DA:36,0
DA:37,0
DA:38,0
DA:41,0
DA:45,0
DA:47,0
DA:49,0
DA:51,0
DA:53,0
DA:58,0
DA:59,0
DA:60,0
DA:64,0
DA:69,0
DA:70,0
DA:72,0
DA:73,0
DA:74,0
DA:76,0
DA:78,0
DA:79,0
DA:80,0
DA:83,0
DA:84,0
DA:86,0
DA:87,0
DA:89,0
DA:90,0
DA:97,0
DA:98,0
DA:100,0
DA:101,0
DA:102,0
DA:104,0
DA:107,0
DA:108,0
DA:109,0
DA:110,0
DA:112,0
DA:113,0
DA:115,0
DA:121,0
DA:122,0
DA:124,0
DA:125,0
DA:126,0
DA:128,0
DA:131,0
DA:140,0
DA:143,0
DA:145,0
DA:146,0
DA:148,0
DA:149,0
DA:151,0
DA:152,0
DA:154,0
DA:157,0
DA:158,0
DA:164,0
DA:165,0
DA:167,0
DA:168,0
DA:169,0
DA:171,0
DA:172,0
DA:173,0
DA:176,0
DA:177,0
DA:178,0
DA:180,0
DA:181,0
DA:183,0
DA:190,0
DA:191,0
DA:193,0
DA:194,0
DA:197,0
DA:198,0
DA:204,0
DA:205,0
DA:217,0
DA:218,0
DA:219,0
DA:220,0
DA:228,0
DA:229,0
DA:230,0
DA:234,0
DA:235,0
DA:238,0
DA:239,0
DA:242,0
DA:243,0
DA:245,0
DA:246,0
DA:249,0
DA:250,0
DA:252,0
DA:259,0
DA:264,0
DA:265,0
DA:271,0
DA:273,0
DA:274,0
DA:281,0
DA:288,0
DA:289,0
DA:291,0
DA:292,0
DA:293,0
DA:295,0
DA:298,0
DA:304,0
DA:305,0
DA:306,0
DA:311,0
DA:313,0
DA:314,0
DA:321,0
DA:322,0
DA:324,0
DA:325,0
DA:326,0
DA:327,0
DA:329,0
DA:331,0
DA:336,0
DA:337,0
DA:344,0
DA:345,0
DA:347,0
DA:348,0
DA:354,0
DA:355,0
DA:357,0
DA:358,0
DA:365,0
DA:366,0
DA:381,0
DA:382,0
DA:388,0
DA:389,0
DA:396,0
DA:398,0
DA:400,0
DA:403,0
DA:416,0
LF:161
LH:0
BRDA:19,0,0,0
BRDA:19,0,1,0
BRDA:34,1,0,0
BRDA:34,1,1,0
BRDA:36,2,0,0
BRDA:36,2,1,0
BRDA:45,3,0,0
BRDA:45,3,1,0
BRDA:45,3,2,0
BRDA:45,3,3,0
BRDA:69,4,0,0
BRDA:70,5,0,0
BRDA:70,5,1,0
BRDA:74,6,0,0
BRDA:74,6,1,0
BRDA:98,7,0,0
BRDA:98,7,1,0
BRDA:102,8,0,0
BRDA:102,8,1,0
BRDA:107,9,0,0
BRDA:107,9,1,0
BRDA:108,10,0,0
BRDA:108,10,1,0
BRDA:109,11,0,0
BRDA:109,11,1,0
BRDA:110,12,0,0
BRDA:110,12,1,0
BRDA:121,13,0,0
BRDA:122,14,0,0
BRDA:122,14,1,0
BRDA:126,15,0,0
BRDA:126,15,1,0
BRDA:143,16,0,0
BRDA:143,16,1,0
BRDA:143,16,2,0
BRDA:143,16,3,0
BRDA:165,17,0,0
BRDA:165,17,1,0
BRDA:165,18,0,0
BRDA:165,18,1,0
BRDA:169,19,0,0
BRDA:169,19,1,0
BRDA:173,20,0,0
BRDA:173,20,1,0
BRDA:191,21,0,0
BRDA:191,21,1,0
BRDA:194,22,0,0
BRDA:194,22,1,0
BRDA:238,23,0,0
BRDA:238,23,1,0
BRDA:245,24,0,0
BRDA:245,24,1,0
BRDA:273,25,0,0
BRDA:273,25,1,0
BRDA:278,26,0,0
BRDA:278,26,1,0
BRDA:293,27,0,0
BRDA:293,27,1,0
BRDA:322,28,0,0
BRDA:322,28,1,0
BRDA:322,29,0,0
BRDA:322,29,1,0
BRDA:345,30,0,0
BRDA:345,30,1,0
BRDA:345,31,0,0
BRDA:345,31,1,0
BRDA:345,31,2,0
BRDA:391,32,0,0
BRDA:391,32,1,0
BRDA:396,33,0,0
BRDA:396,33,1,0
BRDA:396,33,2,0
BRF:72
BRH:0
end_of_record
TN:
SF:src/utils/securityUtils.js
FN:11,(anonymous_0)
FN:24,(anonymous_1)
FN:39,(anonymous_2)
FN:60,(anonymous_3)
FN:86,(anonymous_4)
FN:110,(anonymous_5)
FN:130,(anonymous_6)
FN:152,(anonymous_7)
FN:175,(anonymous_8)
FN:216,(anonymous_9)
FN:267,(anonymous_10)
FN:305,(anonymous_11)
FN:329,(anonymous_12)
FN:339,(anonymous_13)
FN:344,(anonymous_14)
FN:363,(anonymous_15)
FN:366,(anonymous_16)
FN:375,(anonymous_17)
FN:384,(anonymous_18)
FN:390,(anonymous_19)
FN:397,(anonymous_20)
FN:414,(anonymous_21)
FN:438,(anonymous_22)
FN:448,(anonymous_23)
FNF:24
FNH:0
FNDA:0,(anonymous_0)
FNDA:0,(anonymous_1)
FNDA:0,(anonymous_2)
FNDA:0,(anonymous_3)
FNDA:0,(anonymous_4)
FNDA:0,(anonymous_5)
FNDA:0,(anonymous_6)
FNDA:0,(anonymous_7)
FNDA:0,(anonymous_8)
FNDA:0,(anonymous_9)
FNDA:0,(anonymous_10)
FNDA:0,(anonymous_11)
FNDA:0,(anonymous_12)
FNDA:0,(anonymous_13)
FNDA:0,(anonymous_14)
FNDA:0,(anonymous_15)
FNDA:0,(anonymous_16)
FNDA:0,(anonymous_17)
FNDA:0,(anonymous_18)
FNDA:0,(anonymous_19)
FNDA:0,(anonymous_20)
FNDA:0,(anonymous_21)
FNDA:0,(anonymous_22)
FNDA:0,(anonymous_23)
DA:11,0
DA:12,0
DA:14,0
DA:15,0
DA:16,0
DA:24,0
DA:25,0
DA:27,0
DA:39,0
DA:40,0
DA:42,0
DA:54,0
DA:61,0
DA:62,0
DA:64,0
DA:65,0
DA:66,0
DA:67,0
DA:68,0
DA:71,0
DA:74,0
DA:87,0
DA:88,0
DA:90,0
DA:91,0
DA:92,0
DA:93,0
DA:94,0
DA:95,0
DA:98,0
DA:111,0
DA:112,0
DA:114,0
DA:115,0
DA:118,0
DA:131,0
DA:132,0
DA:134,0
DA:135,0
DA:136,0
DA:137,0
DA:140,0
DA:153,0
DA:154,0
DA:156,0
DA:157,0
DA:158,0
DA:159,0
DA:162,0
DA:176,0
DA:177,0
DA:178,0
DA:180,0
DA:181,0
DA:183,0
DA:185,0
DA:186,0
DA:187,0
DA:188,0
DA:189,0
DA:190,0
DA:191,0
DA:192,0
DA:196,0
DA:208,0
DA:217,0
DA:218,0
DA:221,0
DA:222,0
DA:223,0
DA:227,0
DA:228,0
DA:229,0
DA:233,0
DA:234,0
DA:235,0
DA:236,0
DA:237,0
DA:241,0
DA:242,0
DA:243,0
DA:244,0
DA:248,0
DA:249,0
DA:250,0
DA:253,0
DA:254,0
DA:256,0
DA:257,0
DA:268,0
DA:270,0
DA:271,0
DA:272,0
DA:276,0
DA:277,0
DA:278,0
DA:281,0
DA:282,0
DA:283,0
DA:286,0
DA:289,0
DA:290,0
DA:293,0
DA:295,0
DA:296,0
DA:306,0
DA:307,0
DA:308,0
DA:309,0
DA:312,0
DA:313,0
DA:314,0
DA:317,0
DA:318,0
DA:320,0
DA:321,0
DA:330,0
DA:331,0
DA:332,0
DA:335,0
DA:337,0
DA:338,0
DA:339,0
DA:340,0
DA:344,0
DA:345,0
DA:348,0
DA:350,0
DA:358,0
DA:364,0
DA:365,0
DA:366,0
DA:376,0
DA:377,0
DA:385,0
DA:386,0
DA:391,0
DA:392,0
DA:394,0
DA:398,0
DA:399,0
DA:408,0
DA:415,0
DA:416,0
DA:425,0
DA:426,0
DA:439,0
DA:440,0
DA:449,0
DA:450,0
LF:150
LH:0
BRDA:12,0,0,0
BRDA:12,0,1,0
BRDA:25,1,0,0
BRDA:25,1,1,0
BRDA:40,2,0,0
BRDA:40,2,1,0
BRDA:61,3,0,0
BRDA:61,3,1,0
BRDA:64,4,0,0
BRDA:64,4,1,0
BRDA:66,5,0,0
BRDA:66,5,1,0
BRDA:68,6,0,0
BRDA:68,6,1,0
BRDA:87,7,0,0
BRDA:87,7,1,0
BRDA:90,8,0,0
BRDA:90,8,1,0
BRDA:92,9,0,0
BRDA:92,9,1,0
BRDA:94,10,0,0
BRDA:94,10,1,0
BRDA:111,11,0,0
BRDA:111,11,1,0
BRDA:114,12,0,0
BRDA:114,12,1,0
BRDA:114,13,0,0
BRDA:114,13,1,0
BRDA:131,14,0,0
BRDA:131,14,1,0
BRDA:134,15,0,0
BRDA:134,15,1,0
BRDA:136,16,0,0
BRDA:136,16,1,0
BRDA:153,17,0,0
BRDA:153,17,1,0
BRDA:156,18,0,0
BRDA:156,18,1,0
BRDA:158,19,0,0
BRDA:158,19,1,0
BRDA:175,20,0,0
BRDA:176,21,0,0
BRDA:176,22,0,0
BRDA:176,23,0,0
BRDA:177,24,0,0
BRDA:177,24,1,0
BRDA:180,25,0,0
BRDA:180,25,1,0
BRDA:185,26,0,0
BRDA:185,26,1,0
BRDA:187,27,0,0
BRDA:187,27,1,0
BRDA:189,28,0,0
BRDA:189,28,1,0
BRDA:191,29,0,0
BRDA:191,29,1,0
BRDA:191,30,0,0
BRDA:191,30,1,0
BRDA:199,31,0,0
BRDA:199,31,1,0
BRDA:216,32,0,0
BRDA:218,33,0,0
BRDA:218,34,0,0
BRDA:221,35,0,0
BRDA:221,35,1,0
BRDA:221,36,0,0
BRDA:221,36,1,0
BRDA:227,37,0,0
BRDA:227,37,1,0
BRDA:234,38,0,0
BRDA:234,38,1,0
BRDA:236,39,0,0
BRDA:236,39,1,0
BRDA:242,40,0,0
BRDA:242,40,1,0
BRDA:248,41,0,0
BRDA:248,41,1,0
BRDA:248,42,0,0
BRDA:248,42,1,0
BRDA:267,43,0,0
BRDA:270,44,0,0
BRDA:270,44,1,0
BRDA:270,45,0,0
BRDA:270,45,1,0
BRDA:276,46,0,0
BRDA:276,46,1,0
BRDA:276,47,0,0
BRDA:276,47,1,0
BRDA:282,48,0,0
BRDA:282,48,1,0
BRDA:289,49,0,0
BRDA:289,49,1,0
BRDA:307,50,0,0
BRDA:307,50,1,0
BRDA:307,51,0,0
BRDA:307,51,1,0
BRDA:312,52,0,0
BRDA:312,52,1,0
BRDA:312,53,0,0
BRDA:312,53,1,0
BRDA:329,54,0,0
BRDA:331,55,0,0
BRDA:331,55,1,0
BRDA:331,56,0,0
BRDA:331,56,1,0
BRDA:339,57,0,0
BRDA:339,57,1,0
BRDA:339,58,0,0
BRDA:339,58,1,0
BRDA:376,59,0,0
BRDA:376,59,1,0
BRDA:376,60,0,0
BRDA:376,60,1,0
BRDA:385,61,0,0
BRDA:385,61,1,0
BRDA:385,62,0,0
BRDA:385,62,1,0
BRDA:391,63,0,0
BRDA:391,63,1,0
BRDA:391,64,0,0
BRDA:391,64,1,0
BRDA:398,65,0,0
BRDA:398,65,1,0
BRDA:398,66,0,0
BRDA:398,66,1,0
BRDA:414,67,0,0
BRDA:420,68,0,0
BRDA:420,68,1,0
BRDA:421,69,0,0
BRDA:421,69,1,0
BRDA:425,70,0,0
BRDA:425,70,1,0
BRDA:438,71,0,0
BRDA:448,72,0,0
BRF:134
BRH:0
end_of_record
